<?xml version="1.0" encoding="UTF-8"?>
<testsuite name="sii.stqa.pft.sandbox.PointTests" tests="3" skipped="0" failures="0" errors="0" timestamp="2022-10-13T12:09:46" hostname="DESKTOP-LAA6JF6" time="0.013">
  <properties/>
  <testcase name="testDistance1" classname="sii.stqa.pft.sandbox.PointTests" time="0.012"/>
  <testcase name="testDistance2" classname="sii.stqa.pft.sandbox.PointTests" time="0.0"/>
  <testcase name="testDistance3" classname="sii.stqa.pft.sandbox.PointTests" time="0.0"/>
  <system-out><![CDATA[]]></system-out>
  <system-err><![CDATA[]]></system-err>
</testsuite>
