<?xml version="1.0" encoding="UTF-8"?>
<testsuite name="sii.stqa.pft.mantis.tests.LoginTests" tests="1" skipped="0" failures="0" errors="0" timestamp="2022-11-29T19:51:55" hostname="DESKTOP-LAA6JF6" time="1.1">
  <properties/>
  <testcase name="testLogin" classname="sii.stqa.pft.mantis.tests.LoginTests" time="1.1"/>
  <system-out><![CDATA[]]></system-out>
  <system-err><![CDATA[]]></system-err>
</testsuite>
