<?xml version="1.0" encoding="UTF-8"?>
<testsuite name="sii.stqa.pft.mantis.tests.PasswordChangeTest" tests="1" skipped="0" failures="0" errors="0" timestamp="2022-11-30T21:37:53" hostname="DESKTOP-LAA6JF6" time="6.361">
  <properties/>
  <testcase name="testPasswordChange" classname="sii.stqa.pft.mantis.tests.PasswordChangeTest" time="6.361"/>
  <system-out><![CDATA[22:37:53.458 [org.subethamail.smtp.server.ServerThread *:25] INFO  o.s.smtp.server.ServerThread - SMTP server *:25 started
22:37:56.628 [Test worker] DEBUG org.jboss.logging - Logging Provider: org.jboss.logging.Slf4jLoggerProvider
22:37:56.645 [Test worker] DEBUG o.h.i.internal.IntegratorServiceImpl - Adding Integrator [org.hibernate.cfg.beanvalidation.BeanValidationIntegrator].
22:37:56.648 [Test worker] DEBUG o.h.i.internal.IntegratorServiceImpl - Adding Integrator [org.hibernate.secure.spi.JaccIntegrator].
22:37:56.651 [Test worker] DEBUG o.h.i.internal.IntegratorServiceImpl - Adding Integrator [org.hibernate.cache.internal.CollectionCacheInvalidator].
22:37:56.718 [Test worker] INFO  org.hibernate.Version - HHH000412: Hibernate Core {5.1.0.Final}
22:37:56.719 [Test worker] INFO  org.hibernate.cfg.Environment - HHH000206: hibernate.properties not found
22:37:56.720 [Test worker] INFO  org.hibernate.cfg.Environment - HHH000021: Bytecode provider name : javassist
22:37:56.740 [Test worker] DEBUG o.h.b.j.i.s.LocalXmlResourceResolver - Interpreting public/system identifier : [-//Hibernate/Hibernate Configuration DTD 3.0//EN] - [http://www.hibernate.org/dtd/hibernate-configuration-3.0.dtd]
22:37:56.740 [Test worker] DEBUG o.h.b.j.i.s.LocalXmlResourceResolver - Recognized hibernate-configuration identifier; attempting to resolve on classpath under org/hibernate/
22:37:56.743 [Test worker] DEBUG o.h.b.c.internal.JaxbCfgProcessor - cfg.xml document did not define namespaces; wrapping in custom event reader to introduce namespace information
22:37:56.858 [Test worker] DEBUG o.h.service.spi.ServiceBinding - Overriding existing service binding [org.hibernate.secure.spi.JaccService]
22:37:56.874 [Test worker] DEBUG o.h.c.i.RegionFactoryInitiator - Cache region factory : org.hibernate.cache.internal.NoCachingRegionFactory
22:37:56.881 [Test worker] INFO  o.h.annotations.common.Version - HCANN000001: Hibernate Commons Annotations {5.0.1.Final}
22:37:56.897 [Test worker] DEBUG org.hibernate.type.BasicTypeRegistry - Adding type registration boolean -> org.hibernate.type.BooleanType@58c540cf
22:37:56.898 [Test worker] DEBUG org.hibernate.type.BasicTypeRegistry - Adding type registration boolean -> org.hibernate.type.BooleanType@58c540cf
22:37:56.898 [Test worker] DEBUG org.hibernate.type.BasicTypeRegistry - Adding type registration java.lang.Boolean -> org.hibernate.type.BooleanType@58c540cf
22:37:56.899 [Test worker] DEBUG org.hibernate.type.BasicTypeRegistry - Adding type registration numeric_boolean -> org.hibernate.type.NumericBooleanType@7927bd9f
22:37:56.900 [Test worker] DEBUG org.hibernate.type.BasicTypeRegistry - Adding type registration true_false -> org.hibernate.type.TrueFalseType@617fe9e1
22:37:56.901 [Test worker] DEBUG org.hibernate.type.BasicTypeRegistry - Adding type registration yes_no -> org.hibernate.type.YesNoType@3af4e0bf
22:37:56.902 [Test worker] DEBUG org.hibernate.type.BasicTypeRegistry - Adding type registration byte -> org.hibernate.type.ByteType@5f7f2382
22:37:56.902 [Test worker] DEBUG org.hibernate.type.BasicTypeRegistry - Adding type registration byte -> org.hibernate.type.ByteType@5f7f2382
22:37:56.902 [Test worker] DEBUG org.hibernate.type.BasicTypeRegistry - Adding type registration java.lang.Byte -> org.hibernate.type.ByteType@5f7f2382
22:37:56.903 [Test worker] DEBUG org.hibernate.type.BasicTypeRegistry - Adding type registration character -> org.hibernate.type.CharacterType@5aceec94
22:37:56.903 [Test worker] DEBUG org.hibernate.type.BasicTypeRegistry - Adding type registration char -> org.hibernate.type.CharacterType@5aceec94
22:37:56.903 [Test worker] DEBUG org.hibernate.type.BasicTypeRegistry - Adding type registration java.lang.Character -> org.hibernate.type.CharacterType@5aceec94
22:37:56.904 [Test worker] DEBUG org.hibernate.type.BasicTypeRegistry - Adding type registration short -> org.hibernate.type.ShortType@3670f00
22:37:56.904 [Test worker] DEBUG org.hibernate.type.BasicTypeRegistry - Adding type registration short -> org.hibernate.type.ShortType@3670f00
22:37:56.904 [Test worker] DEBUG org.hibernate.type.BasicTypeRegistry - Adding type registration java.lang.Short -> org.hibernate.type.ShortType@3670f00
22:37:56.906 [Test worker] DEBUG org.hibernate.type.BasicTypeRegistry - Adding type registration integer -> org.hibernate.type.IntegerType@7689ddef
22:37:56.906 [Test worker] DEBUG org.hibernate.type.BasicTypeRegistry - Adding type registration int -> org.hibernate.type.IntegerType@7689ddef
22:37:56.906 [Test worker] DEBUG org.hibernate.type.BasicTypeRegistry - Adding type registration java.lang.Integer -> org.hibernate.type.IntegerType@7689ddef
22:37:56.907 [Test worker] DEBUG org.hibernate.type.BasicTypeRegistry - Adding type registration long -> org.hibernate.type.LongType@aa22f1c
22:37:56.907 [Test worker] DEBUG org.hibernate.type.BasicTypeRegistry - Adding type registration long -> org.hibernate.type.LongType@aa22f1c
22:37:56.907 [Test worker] DEBUG org.hibernate.type.BasicTypeRegistry - Adding type registration java.lang.Long -> org.hibernate.type.LongType@aa22f1c
22:37:56.909 [Test worker] DEBUG org.hibernate.type.BasicTypeRegistry - Adding type registration float -> org.hibernate.type.FloatType@7889a1ac
22:37:56.909 [Test worker] DEBUG org.hibernate.type.BasicTypeRegistry - Adding type registration float -> org.hibernate.type.FloatType@7889a1ac
22:37:56.909 [Test worker] DEBUG org.hibernate.type.BasicTypeRegistry - Adding type registration java.lang.Float -> org.hibernate.type.FloatType@7889a1ac
22:37:56.910 [Test worker] DEBUG org.hibernate.type.BasicTypeRegistry - Adding type registration double -> org.hibernate.type.DoubleType@1f130eaf
22:37:56.910 [Test worker] DEBUG org.hibernate.type.BasicTypeRegistry - Adding type registration double -> org.hibernate.type.DoubleType@1f130eaf
22:37:56.910 [Test worker] DEBUG org.hibernate.type.BasicTypeRegistry - Adding type registration java.lang.Double -> org.hibernate.type.DoubleType@1f130eaf
22:37:56.911 [Test worker] DEBUG org.hibernate.type.BasicTypeRegistry - Adding type registration big_decimal -> org.hibernate.type.BigDecimalType@34abdee4
22:37:56.911 [Test worker] DEBUG org.hibernate.type.BasicTypeRegistry - Adding type registration java.math.BigDecimal -> org.hibernate.type.BigDecimalType@34abdee4
22:37:56.912 [Test worker] DEBUG org.hibernate.type.BasicTypeRegistry - Adding type registration big_integer -> org.hibernate.type.BigIntegerType@21ca139c
22:37:56.913 [Test worker] DEBUG org.hibernate.type.BasicTypeRegistry - Adding type registration java.math.BigInteger -> org.hibernate.type.BigIntegerType@21ca139c
22:37:56.914 [Test worker] DEBUG org.hibernate.type.BasicTypeRegistry - Adding type registration string -> org.hibernate.type.StringType@52350abb
22:37:56.914 [Test worker] DEBUG org.hibernate.type.BasicTypeRegistry - Adding type registration java.lang.String -> org.hibernate.type.StringType@52350abb
22:37:56.914 [Test worker] DEBUG org.hibernate.type.BasicTypeRegistry - Adding type registration nstring -> org.hibernate.type.StringNVarcharType@63f34b70
22:37:56.915 [Test worker] DEBUG org.hibernate.type.BasicTypeRegistry - Adding type registration ncharacter -> org.hibernate.type.CharacterNCharType@76318a7d
22:37:56.916 [Test worker] DEBUG org.hibernate.type.BasicTypeRegistry - Adding type registration url -> org.hibernate.type.UrlType@411341bd
22:37:56.916 [Test worker] DEBUG org.hibernate.type.BasicTypeRegistry - Adding type registration java.net.URL -> org.hibernate.type.UrlType@411341bd
22:37:56.917 [Test worker] DEBUG org.hibernate.type.BasicTypeRegistry - Adding type registration date -> org.hibernate.type.DateType@7fe083b1
22:37:56.917 [Test worker] DEBUG org.hibernate.type.BasicTypeRegistry - Adding type registration java.sql.Date -> org.hibernate.type.DateType@7fe083b1
22:37:56.918 [Test worker] DEBUG org.hibernate.type.BasicTypeRegistry - Adding type registration time -> org.hibernate.type.TimeType@5a62b2a4
22:37:56.919 [Test worker] DEBUG org.hibernate.type.BasicTypeRegistry - Adding type registration java.sql.Time -> org.hibernate.type.TimeType@5a62b2a4
22:37:56.920 [Test worker] DEBUG org.hibernate.type.BasicTypeRegistry - Adding type registration timestamp -> org.hibernate.type.TimestampType@7adbd080
22:37:56.920 [Test worker] DEBUG org.hibernate.type.BasicTypeRegistry - Adding type registration java.sql.Timestamp -> org.hibernate.type.TimestampType@7adbd080
22:37:56.920 [Test worker] DEBUG org.hibernate.type.BasicTypeRegistry - Adding type registration java.util.Date -> org.hibernate.type.TimestampType@7adbd080
22:37:56.921 [Test worker] DEBUG org.hibernate.type.BasicTypeRegistry - Adding type registration dbtimestamp -> org.hibernate.type.DbTimestampType@13006998
22:37:56.922 [Test worker] DEBUG org.hibernate.type.BasicTypeRegistry - Adding type registration calendar -> org.hibernate.type.CalendarType@5dda6f9
22:37:56.922 [Test worker] DEBUG org.hibernate.type.BasicTypeRegistry - Adding type registration java.util.Calendar -> org.hibernate.type.CalendarType@5dda6f9
22:37:56.922 [Test worker] DEBUG org.hibernate.type.BasicTypeRegistry - Adding type registration java.util.GregorianCalendar -> org.hibernate.type.CalendarType@5dda6f9
22:37:56.923 [Test worker] DEBUG org.hibernate.type.BasicTypeRegistry - Adding type registration calendar_date -> org.hibernate.type.CalendarDateType@677dbd89
22:37:56.924 [Test worker] DEBUG org.hibernate.type.BasicTypeRegistry - Adding type registration locale -> org.hibernate.type.LocaleType@5a021cb9
22:37:56.924 [Test worker] DEBUG org.hibernate.type.BasicTypeRegistry - Adding type registration java.util.Locale -> org.hibernate.type.LocaleType@5a021cb9
22:37:56.924 [Test worker] DEBUG org.hibernate.type.BasicTypeRegistry - Adding type registration currency -> org.hibernate.type.CurrencyType@2f3c6ac4
22:37:56.924 [Test worker] DEBUG org.hibernate.type.BasicTypeRegistry - Adding type registration java.util.Currency -> org.hibernate.type.CurrencyType@2f3c6ac4
22:37:56.925 [Test worker] DEBUG org.hibernate.type.BasicTypeRegistry - Adding type registration timezone -> org.hibernate.type.TimeZoneType@3a0807b7
22:37:56.925 [Test worker] DEBUG org.hibernate.type.BasicTypeRegistry - Adding type registration java.util.TimeZone -> org.hibernate.type.TimeZoneType@3a0807b7
22:37:56.926 [Test worker] DEBUG org.hibernate.type.BasicTypeRegistry - Adding type registration class -> org.hibernate.type.ClassType@287f94b1
22:37:56.926 [Test worker] DEBUG org.hibernate.type.BasicTypeRegistry - Adding type registration java.lang.Class -> org.hibernate.type.ClassType@287f94b1
22:37:56.927 [Test worker] DEBUG org.hibernate.type.BasicTypeRegistry - Adding type registration uuid-binary -> org.hibernate.type.UUIDBinaryType@158d255c
22:37:56.927 [Test worker] DEBUG org.hibernate.type.BasicTypeRegistry - Adding type registration java.util.UUID -> org.hibernate.type.UUIDBinaryType@158d255c
22:37:56.928 [Test worker] DEBUG org.hibernate.type.BasicTypeRegistry - Adding type registration uuid-char -> org.hibernate.type.UUIDCharType@5707c1cb
22:37:56.929 [Test worker] DEBUG org.hibernate.type.BasicTypeRegistry - Adding type registration binary -> org.hibernate.type.BinaryType@2970a5bc
22:37:56.929 [Test worker] DEBUG org.hibernate.type.BasicTypeRegistry - Adding type registration byte[] -> org.hibernate.type.BinaryType@2970a5bc
22:37:56.929 [Test worker] DEBUG org.hibernate.type.BasicTypeRegistry - Adding type registration [B -> org.hibernate.type.BinaryType@2970a5bc
22:37:56.930 [Test worker] DEBUG org.hibernate.type.BasicTypeRegistry - Adding type registration wrapper-binary -> org.hibernate.type.WrapperBinaryType@40f33492
22:37:56.930 [Test worker] DEBUG org.hibernate.type.BasicTypeRegistry - Adding type registration Byte[] -> org.hibernate.type.WrapperBinaryType@40f33492
22:37:56.930 [Test worker] DEBUG org.hibernate.type.BasicTypeRegistry - Adding type registration [Ljava.lang.Byte; -> org.hibernate.type.WrapperBinaryType@40f33492
22:37:56.930 [Test worker] DEBUG org.hibernate.type.BasicTypeRegistry - Adding type registration image -> org.hibernate.type.ImageType@13579834
22:37:56.931 [Test worker] DEBUG org.hibernate.type.BasicTypeRegistry - Adding type registration characters -> org.hibernate.type.CharArrayType@70d2e40b
22:37:56.931 [Test worker] DEBUG org.hibernate.type.BasicTypeRegistry - Adding type registration char[] -> org.hibernate.type.CharArrayType@70d2e40b
22:37:56.931 [Test worker] DEBUG org.hibernate.type.BasicTypeRegistry - Adding type registration [C -> org.hibernate.type.CharArrayType@70d2e40b
22:37:56.932 [Test worker] DEBUG org.hibernate.type.BasicTypeRegistry - Adding type registration wrapper-characters -> org.hibernate.type.CharacterArrayType@7c18432b
22:37:56.932 [Test worker] DEBUG org.hibernate.type.BasicTypeRegistry - Adding type registration [Ljava.lang.Character; -> org.hibernate.type.CharacterArrayType@7c18432b
22:37:56.932 [Test worker] DEBUG org.hibernate.type.BasicTypeRegistry - Adding type registration Character[] -> org.hibernate.type.CharacterArrayType@7c18432b
22:37:56.933 [Test worker] DEBUG org.hibernate.type.BasicTypeRegistry - Adding type registration text -> org.hibernate.type.TextType@40bffbca
22:37:56.933 [Test worker] DEBUG org.hibernate.type.BasicTypeRegistry - Adding type registration ntext -> org.hibernate.type.NTextType@37d80fe7
22:37:56.936 [Test worker] DEBUG org.hibernate.type.BasicTypeRegistry - Adding type registration blob -> org.hibernate.type.BlobType@2db2cd5
22:37:56.936 [Test worker] DEBUG org.hibernate.type.BasicTypeRegistry - Adding type registration java.sql.Blob -> org.hibernate.type.BlobType@2db2cd5
22:37:56.937 [Test worker] DEBUG org.hibernate.type.BasicTypeRegistry - Adding type registration materialized_blob -> org.hibernate.type.MaterializedBlobType@285f09de
22:37:56.939 [Test worker] DEBUG org.hibernate.type.BasicTypeRegistry - Adding type registration clob -> org.hibernate.type.ClobType@600b0b7
22:37:56.939 [Test worker] DEBUG org.hibernate.type.BasicTypeRegistry - Adding type registration java.sql.Clob -> org.hibernate.type.ClobType@600b0b7
22:37:56.942 [Test worker] DEBUG org.hibernate.type.BasicTypeRegistry - Adding type registration nclob -> org.hibernate.type.NClobType@1e886a5b
22:37:56.942 [Test worker] DEBUG org.hibernate.type.BasicTypeRegistry - Adding type registration java.sql.NClob -> org.hibernate.type.NClobType@1e886a5b
22:37:56.942 [Test worker] DEBUG org.hibernate.type.BasicTypeRegistry - Adding type registration materialized_clob -> org.hibernate.type.MaterializedClobType@6c451c9c
22:37:56.942 [Test worker] DEBUG org.hibernate.type.BasicTypeRegistry - Adding type registration materialized_nclob -> org.hibernate.type.MaterializedNClobType@47747fb9
22:37:56.943 [Test worker] DEBUG org.hibernate.type.BasicTypeRegistry - Adding type registration serializable -> org.hibernate.type.SerializableType@20312893
22:37:56.945 [Test worker] DEBUG org.hibernate.type.BasicTypeRegistry - Adding type registration object -> org.hibernate.type.ObjectType@f5c79a6
22:37:56.946 [Test worker] DEBUG org.hibernate.type.BasicTypeRegistry - Adding type registration java.lang.Object -> org.hibernate.type.ObjectType@f5c79a6
22:37:56.946 [Test worker] DEBUG org.hibernate.type.BasicTypeRegistry - Adding type registration imm_date -> org.hibernate.type.AdaptedImmutableType@51a06cbe
22:37:56.946 [Test worker] DEBUG org.hibernate.type.BasicTypeRegistry - Adding type registration imm_time -> org.hibernate.type.AdaptedImmutableType@3dddbe65
22:37:56.946 [Test worker] DEBUG org.hibernate.type.BasicTypeRegistry - Adding type registration imm_timestamp -> org.hibernate.type.AdaptedImmutableType@49a64d82
22:37:56.946 [Test worker] DEBUG org.hibernate.type.BasicTypeRegistry - Adding type registration imm_dbtimestamp -> org.hibernate.type.AdaptedImmutableType@344561e0
22:37:56.946 [Test worker] DEBUG org.hibernate.type.BasicTypeRegistry - Adding type registration imm_calendar -> org.hibernate.type.AdaptedImmutableType@66d23e4a
22:37:56.946 [Test worker] DEBUG org.hibernate.type.BasicTypeRegistry - Adding type registration imm_calendar_date -> org.hibernate.type.AdaptedImmutableType@36ac8a63
22:37:56.946 [Test worker] DEBUG org.hibernate.type.BasicTypeRegistry - Adding type registration imm_binary -> org.hibernate.type.AdaptedImmutableType@4d9d1b69
22:37:56.946 [Test worker] DEBUG org.hibernate.type.BasicTypeRegistry - Adding type registration imm_serializable -> org.hibernate.type.AdaptedImmutableType@52c8295b
22:37:56.953 [Test worker] WARN  org.hibernate.orm.connections - HHH10001002: Using Hibernate built-in connection pool (not for production use!)
22:37:56.958 [Test worker] INFO  org.hibernate.orm.connections - HHH10001005: using driver [com.mysql.jdbc.Driver] at URL [jdbc:mysql://localhost:3306/bugtracker]
22:37:56.958 [Test worker] INFO  org.hibernate.orm.connections - HHH10001001: Connection properties: {user=root, password=}
22:37:56.959 [Test worker] INFO  org.hibernate.orm.connections - HHH10001003: Autocommit mode: false
22:37:56.961 [Test worker] DEBUG o.h.e.j.c.i.DriverManagerConnectionProviderImpl - Initializing Connection pool with 1 Connections
22:37:56.961 [Test worker] INFO  o.h.e.j.c.i.DriverManagerConnectionProviderImpl - HHH000115: Hibernate connection pool size: 1 (min=1)
22:37:57.126 [Test worker] DEBUG o.h.e.j.e.i.JdbcEnvironmentInitiator - Database ->
       name : MySQL
    version : 5.5.5-10.1.9-MariaDB
      major : 5
      minor : 5
22:37:57.126 [Test worker] DEBUG o.h.e.j.e.i.JdbcEnvironmentInitiator - Driver ->
       name : MySQL Connector Java
    version : mysql-connector-java-5.1.38 ( Revision: fe541c166cec739c74cc727c5da96c1028b4834a )
      major : 5
      minor : 1
22:37:57.126 [Test worker] DEBUG o.h.e.j.e.i.JdbcEnvironmentInitiator - JDBC version : 4.0
22:37:57.135 [Test worker] INFO  org.hibernate.dialect.Dialect - HHH000400: Using dialect: org.hibernate.dialect.MySQLDialect
22:37:57.146 [Test worker] DEBUG o.h.e.j.c.i.StandardRefCursorSupport - Unexpected error trying to gauge level of JDBC REF_CURSOR support : null
22:37:57.155 [Test worker] DEBUG o.h.e.j.e.s.IdentifierHelperBuilder - JDBC driver metadata reported database stores quoted identifiers in more than one case
22:37:57.157 [Test worker] DEBUG o.h.e.j.e.s.IdentifierHelperBuilder - IdentifierCaseStrategy for both quoted and unquoted identifiers was set to the same strategy [LOWER]; that will likely lead to problems in schema update and validation if using quoted identifiers
22:37:57.185 [Test worker] DEBUG o.h.i.f.i.DefaultIdentifierGeneratorFactory - Registering IdentifierGenerator strategy [uuid2] -> [org.hibernate.id.UUIDGenerator]
22:37:57.185 [Test worker] DEBUG o.h.i.f.i.DefaultIdentifierGeneratorFactory - Registering IdentifierGenerator strategy [guid] -> [org.hibernate.id.GUIDGenerator]
22:37:57.186 [Test worker] DEBUG o.h.i.f.i.DefaultIdentifierGeneratorFactory - Registering IdentifierGenerator strategy [uuid] -> [org.hibernate.id.UUIDHexGenerator]
22:37:57.186 [Test worker] DEBUG o.h.i.f.i.DefaultIdentifierGeneratorFactory - Registering IdentifierGenerator strategy [uuid.hex] -> [org.hibernate.id.UUIDHexGenerator]
22:37:57.186 [Test worker] DEBUG o.h.i.f.i.DefaultIdentifierGeneratorFactory - Registering IdentifierGenerator strategy [assigned] -> [org.hibernate.id.Assigned]
22:37:57.187 [Test worker] DEBUG o.h.i.f.i.DefaultIdentifierGeneratorFactory - Registering IdentifierGenerator strategy [identity] -> [org.hibernate.id.IdentityGenerator]
22:37:57.187 [Test worker] DEBUG o.h.i.f.i.DefaultIdentifierGeneratorFactory - Registering IdentifierGenerator strategy [select] -> [org.hibernate.id.SelectGenerator]
22:37:57.188 [Test worker] DEBUG o.h.i.f.i.DefaultIdentifierGeneratorFactory - Registering IdentifierGenerator strategy [sequence] -> [org.hibernate.id.enhanced.SequenceStyleGenerator]
22:37:57.189 [Test worker] DEBUG o.h.i.f.i.DefaultIdentifierGeneratorFactory - Registering IdentifierGenerator strategy [seqhilo] -> [org.hibernate.id.SequenceHiLoGenerator]
22:37:57.190 [Test worker] DEBUG o.h.i.f.i.DefaultIdentifierGeneratorFactory - Registering IdentifierGenerator strategy [increment] -> [org.hibernate.id.IncrementGenerator]
22:37:57.190 [Test worker] DEBUG o.h.i.f.i.DefaultIdentifierGeneratorFactory - Registering IdentifierGenerator strategy [foreign] -> [org.hibernate.id.ForeignGenerator]
22:37:57.190 [Test worker] DEBUG o.h.i.f.i.DefaultIdentifierGeneratorFactory - Registering IdentifierGenerator strategy [sequence-identity] -> [org.hibernate.id.SequenceIdentityGenerator]
22:37:57.191 [Test worker] DEBUG o.h.i.f.i.DefaultIdentifierGeneratorFactory - Registering IdentifierGenerator strategy [enhanced-sequence] -> [org.hibernate.id.enhanced.SequenceStyleGenerator]
22:37:57.192 [Test worker] DEBUG o.h.i.f.i.DefaultIdentifierGeneratorFactory - Registering IdentifierGenerator strategy [enhanced-table] -> [org.hibernate.id.enhanced.TableGenerator]
22:37:57.215 [Test worker] DEBUG o.h.boot.model.relational.Namespace - Created database namespace [logicalName=Name{catalog=null, schema=null}, physicalName=Name{catalog=null, schema=null}]
22:37:57.235 [Test worker] DEBUG org.hibernate.cfg.AnnotationBinder - Binding entity from annotated class: sii.stqa.pft.mantis.model.User
22:37:57.253 [Test worker] DEBUG org.hibernate.cfg.Ejb3Column - Binding column: Ejb3DiscriminatorColumn{logicalColumnName'DTYPE', discriminatorTypeName='string'}
22:37:57.259 [Test worker] DEBUG o.h.cfg.annotations.EntityBinder - Import with entity name User
22:37:57.263 [Test worker] DEBUG o.h.cfg.annotations.EntityBinder - Bind entity sii.stqa.pft.mantis.model.User on table mantis_user_table
22:37:57.279 [Test worker] DEBUG org.hibernate.cfg.Ejb3Column - Binding column: Ejb3Column{table=org.hibernate.mapping.Table(mantis_user_table), mappingColumn=id, insertable=true, updatable=true, unique=false}
22:37:57.283 [Test worker] DEBUG o.h.cfg.annotations.PropertyBinder - MetadataSourceProcessor property id with lazy=false
22:37:57.285 [Test worker] DEBUG o.h.cfg.AbstractPropertyHolder - Attempting to locate auto-apply AttributeConverter for property [sii.stqa.pft.mantis.model.User:id]
22:37:57.286 [Test worker] DEBUG o.h.c.annotations.SimpleValueBinder - building SimpleValue for id
22:37:57.288 [Test worker] DEBUG o.h.cfg.annotations.PropertyBinder - Building property id
22:37:57.291 [Test worker] DEBUG org.hibernate.cfg.Ejb3Column - Binding column: Ejb3Column{table=org.hibernate.mapping.Table(mantis_user_table), mappingColumn=email, insertable=true, updatable=true, unique=false}
22:37:57.291 [Test worker] DEBUG o.h.cfg.annotations.PropertyBinder - MetadataSourceProcessor property userMail with lazy=false
22:37:57.291 [Test worker] DEBUG o.h.cfg.AbstractPropertyHolder - Attempting to locate auto-apply AttributeConverter for property [sii.stqa.pft.mantis.model.User:userMail]
22:37:57.291 [Test worker] DEBUG o.h.c.annotations.SimpleValueBinder - building SimpleValue for userMail
22:37:57.291 [Test worker] DEBUG o.h.cfg.annotations.PropertyBinder - Building property userMail
22:37:57.291 [Test worker] DEBUG org.hibernate.cfg.Ejb3Column - Binding column: Ejb3Column{table=org.hibernate.mapping.Table(mantis_user_table), mappingColumn=username, insertable=true, updatable=true, unique=false}
22:37:57.291 [Test worker] DEBUG o.h.cfg.annotations.PropertyBinder - MetadataSourceProcessor property userName with lazy=false
22:37:57.291 [Test worker] DEBUG o.h.cfg.AbstractPropertyHolder - Attempting to locate auto-apply AttributeConverter for property [sii.stqa.pft.mantis.model.User:userName]
22:37:57.291 [Test worker] DEBUG o.h.c.annotations.SimpleValueBinder - building SimpleValue for userName
22:37:57.292 [Test worker] DEBUG o.h.cfg.annotations.PropertyBinder - Building property userName
22:37:57.292 [Test worker] DEBUG org.hibernate.cfg.Ejb3Column - Binding column: Ejb3Column{table=org.hibernate.mapping.Table(mantis_user_table), mappingColumn=password, insertable=true, updatable=true, unique=false}
22:37:57.292 [Test worker] DEBUG o.h.cfg.annotations.PropertyBinder - MetadataSourceProcessor property userPassword with lazy=false
22:37:57.292 [Test worker] DEBUG o.h.cfg.AbstractPropertyHolder - Attempting to locate auto-apply AttributeConverter for property [sii.stqa.pft.mantis.model.User:userPassword]
22:37:57.292 [Test worker] DEBUG o.h.c.annotations.SimpleValueBinder - building SimpleValue for userPassword
22:37:57.292 [Test worker] DEBUG o.h.cfg.annotations.PropertyBinder - Building property userPassword
22:37:57.293 [Test worker] DEBUG o.h.c.annotations.SimpleValueBinder - Starting fillSimpleValue for id
22:37:57.294 [Test worker] DEBUG o.h.c.annotations.SimpleValueBinder - Starting fillSimpleValue for userMail
22:37:57.294 [Test worker] DEBUG o.h.c.annotations.SimpleValueBinder - Starting fillSimpleValue for userName
22:37:57.294 [Test worker] DEBUG o.h.c.annotations.SimpleValueBinder - Starting fillSimpleValue for userPassword
22:37:57.295 [Test worker] DEBUG org.hibernate.mapping.PrimaryKey - Forcing column [id] to be non-null as it is part of the primary key for table [mantis_user_table]
22:37:57.318 [Test worker] DEBUG o.h.internal.SessionFactoryImpl - Building session factory
22:37:57.319 [Test worker] DEBUG org.hibernate.cfg.Settings - SessionFactory name : null
22:37:57.319 [Test worker] DEBUG org.hibernate.cfg.Settings - Automatic flush during beforeCompletion(): disabled
22:37:57.319 [Test worker] DEBUG org.hibernate.cfg.Settings - Automatic session close at end of transaction: disabled
22:37:57.319 [Test worker] DEBUG org.hibernate.cfg.Settings - Statistics: disabled
22:37:57.319 [Test worker] DEBUG org.hibernate.cfg.Settings - Deleted entity synthetic identifier rollback: disabled
22:37:57.319 [Test worker] DEBUG org.hibernate.cfg.Settings - Default entity-mode: pojo
22:37:57.319 [Test worker] DEBUG org.hibernate.cfg.Settings - Check Nullability in Core (should be disabled when Bean Validation is on): enabled
22:37:57.319 [Test worker] DEBUG org.hibernate.cfg.Settings - Allow initialization of lazy state outside session : disabled
22:37:57.319 [Test worker] DEBUG org.hibernate.cfg.Settings - Using BatchFetchStyle : LEGACY
22:37:57.320 [Test worker] DEBUG org.hibernate.cfg.Settings - Default batch fetch size: -1
22:37:57.320 [Test worker] DEBUG org.hibernate.cfg.Settings - Maximum outer join fetch depth: 2
22:37:57.320 [Test worker] DEBUG org.hibernate.cfg.Settings - Default null ordering: NONE
22:37:57.320 [Test worker] DEBUG org.hibernate.cfg.Settings - Order SQL updates by primary key: disabled
22:37:57.320 [Test worker] DEBUG org.hibernate.cfg.Settings - Order SQL inserts for batching: disabled
22:37:57.320 [Test worker] DEBUG org.hibernate.cfg.Settings - multi-tenancy strategy : NONE
22:37:57.320 [Test worker] DEBUG org.hibernate.cfg.Settings - JTA Track by Thread: enabled
22:37:57.320 [Test worker] DEBUG org.hibernate.cfg.Settings - Query language substitutions: {}
22:37:57.320 [Test worker] DEBUG org.hibernate.cfg.Settings - JPA query language strict compliance: disabled
22:37:57.320 [Test worker] DEBUG org.hibernate.cfg.Settings - Named query checking : enabled
22:37:57.320 [Test worker] DEBUG org.hibernate.cfg.Settings - Second-level cache: enabled
22:37:57.320 [Test worker] DEBUG org.hibernate.cfg.Settings - Second-level query cache: disabled
22:37:57.320 [Test worker] DEBUG org.hibernate.cfg.Settings - Second-level query cache factory: org.hibernate.cache.internal.StandardQueryCacheFactory@c27d163
22:37:57.320 [Test worker] DEBUG org.hibernate.cfg.Settings - Second-level cache region prefix: null
22:37:57.320 [Test worker] DEBUG org.hibernate.cfg.Settings - Optimize second-level cache for minimal puts: disabled
22:37:57.320 [Test worker] DEBUG org.hibernate.cfg.Settings - Structured second-level cache entries: disabled
22:37:57.320 [Test worker] DEBUG org.hibernate.cfg.Settings - Second-level cache direct-reference entries: disabled
22:37:57.320 [Test worker] DEBUG org.hibernate.cfg.Settings - Automatic eviction of collection cache: disabled
22:37:57.320 [Test worker] DEBUG org.hibernate.cfg.Settings - JDBC batch size: 15
22:37:57.320 [Test worker] DEBUG org.hibernate.cfg.Settings - JDBC batch updates for versioned data: enabled
22:37:57.320 [Test worker] DEBUG org.hibernate.cfg.Settings - Scrollable result sets: enabled
22:37:57.320 [Test worker] DEBUG org.hibernate.cfg.Settings - Wrap result sets: disabled
22:37:57.320 [Test worker] DEBUG org.hibernate.cfg.Settings - JDBC3 getGeneratedKeys(): enabled
22:37:57.320 [Test worker] DEBUG org.hibernate.cfg.Settings - JDBC result set fetch size: null
22:37:57.321 [Test worker] DEBUG org.hibernate.cfg.Settings - Connection release mode: ON_CLOSE
22:37:57.321 [Test worker] DEBUG org.hibernate.cfg.Settings - Generate SQL with comments: disabled
22:37:57.355 [Test worker] DEBUG o.h.internal.SessionFactoryImpl - Session factory constructed with filter configurations : {}
22:37:57.356 [Test worker] DEBUG o.h.internal.SessionFactoryImpl - Instantiating session factory with properties: {java.vendor=Oracle Corporation, show_sql=true, sun.java.launcher=SUN_STANDARD, hibernate.connection.url=jdbc:mysql://localhost:3306/bugtracker, sun.management.compiler=HotSpot 64-Bit Tiered Compilers, os.name=Windows 10, hbm2ddl.auto=validate, sun.boot.class.path=C:\Java\jdk1.8.0_341\jre\lib\resources.jar;C:\Java\jdk1.8.0_341\jre\lib\rt.jar;C:\Java\jdk1.8.0_341\jre\lib\jsse.jar;C:\Java\jdk1.8.0_341\jre\lib\jce.jar;C:\Java\jdk1.8.0_341\jre\lib\charsets.jar;C:\Java\jdk1.8.0_341\jre\lib\jfr.jar;C:\Java\jdk1.8.0_341\jre\classes, sun.desktop=windows, java.vm.specification.vendor=Oracle Corporation, java.runtime.version=1.8.0_341-b10, hibernate.cache.provider_class=org.hibernate.cache.internal.NoCacheProvider, user.name=Nikos, connection.driver_class=com.mysql.jdbc.Driver, user.language=pl, sun.boot.library.path=C:\Java\jdk1.8.0_341\jre\bin, dialect=org.hibernate.dialect.MySQLDialect, java.version=1.8.0_341, user.timezone=Europe/Belgrade, sun.arch.data.model=64, java.endorsed.dirs=C:\Java\jdk1.8.0_341\jre\lib\endorsed, sun.cpu.isalist=amd64, sun.jnu.encoding=Cp1250, file.encoding.pkg=sun.io, file.separator=\, java.specification.name=Java Platform API Specification, java.class.version=52.0, user.country=PL, connection.url=jdbc:mysql://localhost:3306/bugtracker, java.home=C:\Java\jdk1.8.0_341\jre, java.vm.info=mixed mode, os.version=10.0, hibernate.boot.CfgXmlAccessService.key=org.hibernate.boot.cfgxml.spi.LoadedConfig@1436a7ab, org.gradle.internal.worker.tmpdir=C:\Repo\java_course\mantis-tests\build\tmp\test\work, path.separator=;, connection.password=, java.vm.version=25.341-b10, hibernate.connection.password=, user.variant=, java.awt.printerjob=sun.awt.windows.WPrinterJob, sun.io.unicode.encoding=UnicodeLittle, awt.toolkit=sun.awt.windows.WToolkit, hibernate.connection.username=root, user.script=, user.home=C:\Users\Nikos, java.specification.vendor=Oracle Corporation, hibernate.hbm2ddl.auto=validate, org.gradle.test.worker=16, java.library.path=C:\Java\jdk1.8.0_341\bin;C:\WINDOWS\Sun\Java\bin;C:\WINDOWS\system32;C:\WINDOWS;C:\Program Files\Common Files\Oracle\Java\javapath;C:\Program Files (x86)\Common Files\Oracle\Java\javapath;C:\Windows\system32;C:\Windows;C:\Windows\System32\Wbem;C:\Windows\System32\WindowsPowerShell\v1.0\;C:\Program Files (x86)\NVIDIA Corporation\PhysX\Common;C:\WINDOWS\system32;C:\WINDOWS;C:\WINDOWS\System32\Wbem;C:\WINDOWS\System32\WindowsPowerShell\v1.0\;C:\WINDOWS\System32\OpenSSH\;C:\Program Files\NVIDIA Corporation\NVIDIA NvDLISR;C:\Program Files\dotnet\;C:\Program Files\Microsoft SQL Server\130\Tools\Binn\;C:\Program Files\Microsoft SQL Server\Client SDK\ODBC\170\Tools\Binn\;C:\Program Files (x86)\Brackets\command;C:\Java\jdk1.8.0_341\bin;C:\Program Files\Git\cmd;C:\Tools;C:\Users\Nikos\AppData\Local\Microsoft\WindowsApps;C:\Users\Nikos\.dotnet\tools;C:\Users\Nikos\AppData\Local\Microsoft\WindowsApps;C:\Users\Nikos\AppData\Local\GitHubDesktop\bin;., java.vendor.url=http://java.oracle.com/, hibernate.connection.driver_class=com.mysql.jdbc.Driver, connection.username=root, java.vm.vendor=Oracle Corporation, hibernate.dialect=org.hibernate.dialect.MySQLDialect, java.runtime.name=Java(TM) SE Runtime Environment, sun.java.command=worker.org.gradle.process.internal.worker.GradleWorkerMain 'Gradle Test Executor 16', java.class.path=C:\Repo\java_course\mantis-tests\build\classes\java\test;C:\Repo\java_course\mantis-tests\build\resources\test;C:\Users\Nikos\.gradle\caches\modules-2\files-2.1\org.testng\testng\6.9.10\6feb3e964aeb7097aff30c372aac3ec0f8d87ede\testng-6.9.10.jar;C:\Users\Nikos\.gradle\caches\modules-2\files-2.1\org.seleniumhq.selenium\selenium-java\3.14.0\5b50d4072e0e51779b6e9f3594106312061bfde\selenium-java-3.14.0.jar;C:\Users\Nikos\.gradle\caches\modules-2\files-2.1\org.hamcrest\java-hamcrest\2.0.0.0\f1c8853ade0ecf707f5a261c830e98893983813\java-hamcrest-2.0.0.0.jar;C:\Users\Nikos\.gradle\caches\modules-2\files-2.1\commons-net\commons-net\3.4\5e984db9554728564d58e90da5d90eff8ae8cf2d\commons-net-3.4.jar;C:\Users\Nikos\.gradle\caches\modules-2\files-2.1\org.subethamail\subethasmtp\3.1.7\41381242daa11113c32da5b25d001bfdf4df53fb\subethasmtp-3.1.7.jar;C:\Users\Nikos\.gradle\caches\modules-2\files-2.1\ru.lanwen.verbalregex\java-verbal-expressions\1.4\c33aff9dfa775b202f21ef03b4579ad4ffe3a79a\java-verbal-expressions-1.4.jar;C:\Users\Nikos\.gradle\caches\modules-2\files-2.1\ch.qos.logback\logback-classic\1.1.5\92353eb144695bba80b31f7bec4f36d871f230ac\logback-classic-1.1.5.jar;C:\Users\Nikos\.gradle\caches\modules-2\files-2.1\mysql\mysql-connector-java\5.1.38\dbbd7cd309ce167ec8367de4e41c63c2c8593cc5\mysql-connector-java-5.1.38.jar;C:\Users\Nikos\.gradle\caches\modules-2\files-2.1\org.hibernate\hibernate-core\5.1.0.Final\1b5ac619df76cfd67222ca7cddcee6b0a5db8d0c\hibernate-core-5.1.0.Final.jar;C:\Users\Nikos\.gradle\caches\modules-2\files-2.1\com.beust\jcommander\1.48\bfcb96281ea3b59d626704f74bc6d625ff51cbce\jcommander-1.48.jar;C:\Users\Nikos\.gradle\caches\modules-2\files-2.1\org.beanshell\bsh\2.0b4\a05f0a0feefa8d8467ac80e16e7de071489f0d9c\bsh-2.0b4.jar;C:\Users\Nikos\.gradle\caches\modules-2\files-2.1\org.seleniumhq.selenium\selenium-chrome-driver\3.14.0\a8fa5d063821f70dab0b7170d4b814ef49ce4962\selenium-chrome-driver-3.14.0.jar;C:\Users\Nikos\.gradle\caches\modules-2\files-2.1\org.seleniumhq.selenium\selenium-edge-driver\3.14.0\ca62365ff82c8c03861848355932ab36ddd73f57\selenium-edge-driver-3.14.0.jar;C:\Users\Nikos\.gradle\caches\modules-2\files-2.1\org.seleniumhq.selenium\selenium-firefox-driver\3.14.0\f35ddc0b5e0e09be644df14ada85d83e6b8b3f3c\selenium-firefox-driver-3.14.0.jar;C:\Users\Nikos\.gradle\caches\modules-2\files-2.1\org.seleniumhq.selenium\selenium-ie-driver\3.14.0\3c92cd026f08d381aa9cff8eca03962add562577\selenium-ie-driver-3.14.0.jar;C:\Users\Nikos\.gradle\caches\modules-2\files-2.1\org.seleniumhq.selenium\selenium-opera-driver\3.14.0\123ae21ad13ecc888bf3e18d5c65857df32e6a9f\selenium-opera-driver-3.14.0.jar;C:\Users\Nikos\.gradle\caches\modules-2\files-2.1\org.seleniumhq.selenium\selenium-safari-driver\3.14.0\8dade249fbfc6833697592c155638f348de10fbd\selenium-safari-driver-3.14.0.jar;C:\Users\Nikos\.gradle\caches\modules-2\files-2.1\org.seleniumhq.selenium\selenium-support\3.14.0\2a8bfbe41c44a14f5674ea7bbcfc577259d34f99\selenium-support-3.14.0.jar;C:\Users\Nikos\.gradle\caches\modules-2\files-2.1\org.seleniumhq.selenium\selenium-remote-driver\3.14.0\434c26e9df775d8f49619f7275a65a36d2d72ceb\selenium-remote-driver-3.14.0.jar;C:\Users\Nikos\.gradle\caches\modules-2\files-2.1\org.seleniumhq.selenium\selenium-api\3.14.0\73e6db9b3cdc42966679a2112bfde9efbef16223\selenium-api-3.14.0.jar;C:\Users\Nikos\.gradle\caches\modules-2\files-2.1\net.bytebuddy\byte-buddy\1.8.15\cb36fe3c70ead5fcd016856a7efff908402d86b8\byte-buddy-1.8.15.jar;C:\Users\Nikos\.gradle\caches\modules-2\files-2.1\org.apache.commons\commons-exec\1.3\8dfb9facd0830a27b1b5f29f84593f0aeee7773b\commons-exec-1.3.jar;C:\Users\Nikos\.gradle\caches\modules-2\files-2.1\org.apache.httpcomponents\httpclient\4.5.5\1603dfd56ebcd583ccdf337b6c3984ac55d89e58\httpclient-4.5.5.jar;C:\Users\Nikos\.gradle\caches\modules-2\files-2.1\commons-codec\commons-codec\1.10\4b95f4897fa13f2cd904aee711aeafc0c5295cd8\commons-codec-1.10.jar;C:\Users\Nikos\.gradle\caches\modules-2\files-2.1\commons-logging\commons-logging\1.2\4bfc12adfe4842bf07b657f0369c4cb522955686\commons-logging-1.2.jar;C:\Users\Nikos\.gradle\caches\modules-2\files-2.1\com.google.guava\guava\25.0-jre\7319c34fa5866a85b6bad445adad69d402323129\guava-25.0-jre.jar;C:\Users\Nikos\.gradle\caches\modules-2\files-2.1\org.apache.httpcomponents\httpcore\4.4.9\a86ce739e5a7175b4b234c290a00a5fdb80957a0\httpcore-4.4.9.jar;C:\Users\Nikos\.gradle\caches\modules-2\files-2.1\com.squareup.okhttp3\okhttp\3.10.0\7ef0f1d95bf4c0b3ba30bbae25e0e562b05cf75e\okhttp-3.10.0.jar;C:\Users\Nikos\.gradle\caches\modules-2\files-2.1\com.squareup.okio\okio\1.14.1\3bd22672d0999a1a4d13b542b5dd855a89e69993\okio-1.14.1.jar;C:\Users\Nikos\.gradle\caches\modules-2\files-2.1\javax.mail\mail\1.4.4\b907ef0a02ff6e809392b1e7149198497fcc8e49\mail-1.4.4.jar;C:\Users\Nikos\.gradle\caches\modules-2\files-2.1\javax.activation\activation\1.1.1\485de3a253e23f645037828c07f1d7f1af40763a\activation-1.1.1.jar;C:\Users\Nikos\.gradle\caches\modules-2\files-2.1\org.slf4j\slf4j-api\1.7.16\3a6274f658487d5bfff9af3862beff6da1e7fd52\slf4j-api-1.7.16.jar;C:\Users\Nikos\.gradle\caches\modules-2\files-2.1\com.google.code.findbugs\jsr305\1.3.9\40719ea6961c0cb6afaeb6a921eaa1f6afd4cfdf\jsr305-1.3.9.jar;C:\Users\Nikos\.gradle\caches\modules-2\files-2.1\ch.qos.logback\logback-core\1.1.5\16722afde74444716e299bee1f60aec9f6d1f0dc\logback-core-1.1.5.jar;C:\Users\Nikos\.gradle\caches\modules-2\files-2.1\org.hibernate.common\hibernate-commons-annotations\5.0.1.Final\71e1cff3fcb20d3b3af4f3363c3ddb24d33c6879\hibernate-commons-annotations-5.0.1.Final.jar;C:\Users\Nikos\.gradle\caches\modules-2\files-2.1\org.jboss.logging\jboss-logging\3.3.0.Final\3616bb87707910296e2c195dc016287080bba5af\jboss-logging-3.3.0.Final.jar;C:\Users\Nikos\.gradle\caches\modules-2\files-2.1\org.hibernate.javax.persistence\hibernate-jpa-2.1-api\1.0.0.Final\5e731d961297e5a07290bfaf3db1fbc8bbbf405a\hibernate-jpa-2.1-api-1.0.0.Final.jar;C:\Users\Nikos\.gradle\caches\modules-2\files-2.1\org.javassist\javassist\3.20.0-GA\a9cbcdfb7e9f86fbc74d3afae65f2248bfbf82a0\javassist-3.20.0-GA.jar;C:\Users\Nikos\.gradle\caches\modules-2\files-2.1\antlr\antlr\2.7.7\83cd2cd674a217ade95a4bb83a8a14f351f48bd0\antlr-2.7.7.jar;C:\Users\Nikos\.gradle\caches\modules-2\files-2.1\org.apache.geronimo.specs\geronimo-jta_1.1_spec\1.1.1\aabab3165b8ea936b9360abbf448459c0d04a5a4\geronimo-jta_1.1_spec-1.1.1.jar;C:\Users\Nikos\.gradle\caches\modules-2\files-2.1\org.jboss\jandex\2.0.0.Final\3e899258936f94649c777193e1be846387ed54b3\jandex-2.0.0.Final.jar;C:\Users\Nikos\.gradle\caches\modules-2\files-2.1\com.fasterxml\classmate\1.3.0\183407ff982e9375f1a1c4a51ed0a9307c598fc7\classmate-1.3.0.jar;C:\Users\Nikos\.gradle\caches\modules-2\files-2.1\dom4j\dom4j\1.6.1\5d3ccc056b6f056dbf0dddfdf43894b9065a8f94\dom4j-1.6.1.jar;C:\Users\Nikos\.gradle\caches\modules-2\files-2.1\org.checkerframework\checker-compat-qual\2.0.0\fc89b03860d11d6213d0154a62bcd1c2f69b9efa\checker-compat-qual-2.0.0.jar;C:\Users\Nikos\.gradle\caches\modules-2\files-2.1\com.google.errorprone\error_prone_annotations\2.1.3\39b109f2cd352b2d71b52a3b5a1a9850e1dc304b\error_prone_annotations-2.1.3.jar;C:\Users\Nikos\.gradle\caches\modules-2\files-2.1\com.google.j2objc\j2objc-annotations\1.1\ed28ded51a8b1c6b112568def5f4b455e6809019\j2objc-annotations-1.1.jar;C:\Users\Nikos\.gradle\caches\modules-2\files-2.1\org.codehaus.mojo\animal-sniffer-annotations\1.14\775b7e22fb10026eed3f86e8dc556dfafe35f2d5\animal-sniffer-annotations-1.14.jar;C:\Users\Nikos\.gradle\caches\modules-2\files-2.1\xml-apis\xml-apis\1.0.b2\3136ca936f64c9d68529f048c2618bd356bf85c9\xml-apis-1.0.b2.jar, org.gradle.native=false, hibernate.bytecode.use_reflection_optimizer=false, java.vm.specification.name=Java Virtual Machine Specification, java.vm.specification.version=1.8, sun.cpu.endian=little, sun.os.patch.level=, connection.pool_size=1, java.io.tmpdir=C:\Users\Nikos\AppData\Local\Temp\, java.vendor.url.bug=http://bugreport.sun.com/bugreport/, os.arch=amd64, java.awt.graphicsenv=sun.awt.Win32GraphicsEnvironment, java.ext.dirs=C:\Java\jdk1.8.0_341\jre\lib\ext;C:\WINDOWS\Sun\Java\lib\ext, user.dir=C:\Repo\java_course\mantis-tests, line.separator=
, java.vm.name=Java HotSpot(TM) 64-Bit Server VM, cache.provider_class=org.hibernate.cache.internal.NoCacheProvider, file.encoding=windows-1250, java.specification.version=1.8, hibernate.connection.pool_size=1, hibernate.show_sql=true}
22:37:57.364 [Test worker] DEBUG o.h.secure.spi.JaccIntegrator - Skipping JACC integration as it was not enabled
22:37:57.387 [Test worker] DEBUG o.h.b.internal.ClassLoaderAccessImpl - Not known whether passed class name [sii.stqa.pft.mantis.model.User] is safe
22:37:57.387 [Test worker] DEBUG o.h.b.internal.ClassLoaderAccessImpl - No temp ClassLoader provided; using live ClassLoader for loading potentially unsafe class : sii.stqa.pft.mantis.model.User
22:37:57.399 [Test worker] DEBUG o.h.b.internal.ClassLoaderAccessImpl - Not known whether passed class name [sii.stqa.pft.mantis.model.User] is safe
22:37:57.399 [Test worker] DEBUG o.h.b.internal.ClassLoaderAccessImpl - No temp ClassLoader provided; using live ClassLoader for loading potentially unsafe class : sii.stqa.pft.mantis.model.User
22:37:57.450 [Test worker] DEBUG o.h.p.entity.AbstractEntityPersister - Static SQL for entity: sii.stqa.pft.mantis.model.User
22:37:57.450 [Test worker] DEBUG o.h.p.entity.AbstractEntityPersister -  Version select: select id from mantis_user_table where id =?
22:37:57.450 [Test worker] DEBUG o.h.p.entity.AbstractEntityPersister -  Snapshot select: select user_.id, user_.email as email2_0_, user_.username as username3_0_, user_.password as password4_0_ from mantis_user_table user_ where user_.id=?
22:37:57.450 [Test worker] DEBUG o.h.p.entity.AbstractEntityPersister -  Insert 0: insert into mantis_user_table (email, username, password, id) values (?, ?, ?, ?)
22:37:57.450 [Test worker] DEBUG o.h.p.entity.AbstractEntityPersister -  Update 0: update mantis_user_table set email=?, username=?, password=? where id=?
22:37:57.450 [Test worker] DEBUG o.h.p.entity.AbstractEntityPersister -  Delete 0: delete from mantis_user_table where id=?
22:37:57.471 [Test worker] DEBUG o.h.l.p.b.i.spaces.QuerySpacesImpl - Adding QuerySpace : uid = <gen:0> -> org.hibernate.loader.plan.build.internal.spaces.EntityQuerySpaceImpl@38018b62]
22:37:57.473 [Test worker] DEBUG o.h.p.w.spi.MetamodelGraphWalker - Visiting attribute path : userMail
22:37:57.473 [Test worker] DEBUG o.h.p.w.spi.MetamodelGraphWalker - Visiting attribute path : userName
22:37:57.473 [Test worker] DEBUG o.h.p.w.spi.MetamodelGraphWalker - Visiting attribute path : userPassword
22:37:57.473 [Test worker] DEBUG o.h.l.p.b.i.FetchStyleLoadPlanBuildingAssociationVisitationStrategy - Building LoadPlan...
22:37:57.485 [Test worker] DEBUG o.h.l.p.e.i.LoadQueryJoinAndFetchProcessor - processing queryspace <gen:0>
22:37:57.488 [Test worker] DEBUG o.h.l.p.b.spi.LoadPlanTreePrinter - LoadPlan(entity=sii.stqa.pft.mantis.model.User)
    - Returns
       - EntityReturnImpl(entity=sii.stqa.pft.mantis.model.User, querySpaceUid=<gen:0>, path=sii.stqa.pft.mantis.model.User)
    - QuerySpaces
       - EntityQuerySpaceImpl(uid=<gen:0>, entity=sii.stqa.pft.mantis.model.User)
          - SQL table alias mapping - user0_
          - alias suffix - 0_
          - suffixed key columns - {id1_0_0_}

22:37:57.491 [Test worker] DEBUG o.h.loader.entity.plan.EntityLoader - Static select for entity sii.stqa.pft.mantis.model.User [NONE]: select user0_.id as id1_0_0_, user0_.email as email2_0_0_, user0_.username as username3_0_0_, user0_.password as password4_0_0_ from mantis_user_table user0_ where user0_.id=?
22:37:57.491 [Test worker] DEBUG o.h.l.p.b.i.spaces.QuerySpacesImpl - Adding QuerySpace : uid = <gen:0> -> org.hibernate.loader.plan.build.internal.spaces.EntityQuerySpaceImpl@45667d98]
22:37:57.491 [Test worker] DEBUG o.h.p.w.spi.MetamodelGraphWalker - Visiting attribute path : userMail
22:37:57.491 [Test worker] DEBUG o.h.p.w.spi.MetamodelGraphWalker - Visiting attribute path : userName
22:37:57.491 [Test worker] DEBUG o.h.p.w.spi.MetamodelGraphWalker - Visiting attribute path : userPassword
22:37:57.491 [Test worker] DEBUG o.h.l.p.b.i.FetchStyleLoadPlanBuildingAssociationVisitationStrategy - Building LoadPlan...
22:37:57.491 [Test worker] DEBUG o.h.l.p.e.i.LoadQueryJoinAndFetchProcessor - processing queryspace <gen:0>
22:37:57.492 [Test worker] DEBUG o.h.l.p.b.spi.LoadPlanTreePrinter - LoadPlan(entity=sii.stqa.pft.mantis.model.User)
    - Returns
       - EntityReturnImpl(entity=sii.stqa.pft.mantis.model.User, querySpaceUid=<gen:0>, path=sii.stqa.pft.mantis.model.User)
    - QuerySpaces
       - EntityQuerySpaceImpl(uid=<gen:0>, entity=sii.stqa.pft.mantis.model.User)
          - SQL table alias mapping - user0_
          - alias suffix - 0_
          - suffixed key columns - {id1_0_0_}

22:37:57.492 [Test worker] DEBUG o.h.loader.entity.plan.EntityLoader - Static select for entity sii.stqa.pft.mantis.model.User [READ]: select user0_.id as id1_0_0_, user0_.email as email2_0_0_, user0_.username as username3_0_0_, user0_.password as password4_0_0_ from mantis_user_table user0_ where user0_.id=?
22:37:57.492 [Test worker] DEBUG o.h.l.p.b.i.spaces.QuerySpacesImpl - Adding QuerySpace : uid = <gen:0> -> org.hibernate.loader.plan.build.internal.spaces.EntityQuerySpaceImpl@7123be6c]
22:37:57.492 [Test worker] DEBUG o.h.p.w.spi.MetamodelGraphWalker - Visiting attribute path : userMail
22:37:57.492 [Test worker] DEBUG o.h.p.w.spi.MetamodelGraphWalker - Visiting attribute path : userName
22:37:57.492 [Test worker] DEBUG o.h.p.w.spi.MetamodelGraphWalker - Visiting attribute path : userPassword
22:37:57.492 [Test worker] DEBUG o.h.l.p.b.i.FetchStyleLoadPlanBuildingAssociationVisitationStrategy - Building LoadPlan...
22:37:57.492 [Test worker] DEBUG o.h.l.p.e.i.LoadQueryJoinAndFetchProcessor - processing queryspace <gen:0>
22:37:57.492 [Test worker] DEBUG o.h.l.p.b.spi.LoadPlanTreePrinter - LoadPlan(entity=sii.stqa.pft.mantis.model.User)
    - Returns
       - EntityReturnImpl(entity=sii.stqa.pft.mantis.model.User, querySpaceUid=<gen:0>, path=sii.stqa.pft.mantis.model.User)
    - QuerySpaces
       - EntityQuerySpaceImpl(uid=<gen:0>, entity=sii.stqa.pft.mantis.model.User)
          - SQL table alias mapping - user0_
          - alias suffix - 0_
          - suffixed key columns - {id1_0_0_}

22:37:57.493 [Test worker] DEBUG o.h.loader.entity.plan.EntityLoader - Static select for entity sii.stqa.pft.mantis.model.User [UPGRADE]: select user0_.id as id1_0_0_, user0_.email as email2_0_0_, user0_.username as username3_0_0_, user0_.password as password4_0_0_ from mantis_user_table user0_ where user0_.id=? for update
22:37:57.493 [Test worker] DEBUG o.h.l.p.b.i.spaces.QuerySpacesImpl - Adding QuerySpace : uid = <gen:0> -> org.hibernate.loader.plan.build.internal.spaces.EntityQuerySpaceImpl@77a2aa4a]
22:37:57.493 [Test worker] DEBUG o.h.p.w.spi.MetamodelGraphWalker - Visiting attribute path : userMail
22:37:57.493 [Test worker] DEBUG o.h.p.w.spi.MetamodelGraphWalker - Visiting attribute path : userName
22:37:57.493 [Test worker] DEBUG o.h.p.w.spi.MetamodelGraphWalker - Visiting attribute path : userPassword
22:37:57.493 [Test worker] DEBUG o.h.l.p.b.i.FetchStyleLoadPlanBuildingAssociationVisitationStrategy - Building LoadPlan...
22:37:57.493 [Test worker] DEBUG o.h.l.p.e.i.LoadQueryJoinAndFetchProcessor - processing queryspace <gen:0>
22:37:57.493 [Test worker] DEBUG o.h.l.p.b.spi.LoadPlanTreePrinter - LoadPlan(entity=sii.stqa.pft.mantis.model.User)
    - Returns
       - EntityReturnImpl(entity=sii.stqa.pft.mantis.model.User, querySpaceUid=<gen:0>, path=sii.stqa.pft.mantis.model.User)
    - QuerySpaces
       - EntityQuerySpaceImpl(uid=<gen:0>, entity=sii.stqa.pft.mantis.model.User)
          - SQL table alias mapping - user0_
          - alias suffix - 0_
          - suffixed key columns - {id1_0_0_}

22:37:57.493 [Test worker] DEBUG o.h.loader.entity.plan.EntityLoader - Static select for entity sii.stqa.pft.mantis.model.User [UPGRADE_NOWAIT]: select user0_.id as id1_0_0_, user0_.email as email2_0_0_, user0_.username as username3_0_0_, user0_.password as password4_0_0_ from mantis_user_table user0_ where user0_.id=? for update
22:37:57.494 [Test worker] DEBUG o.h.l.p.b.i.spaces.QuerySpacesImpl - Adding QuerySpace : uid = <gen:0> -> org.hibernate.loader.plan.build.internal.spaces.EntityQuerySpaceImpl@2b917fb0]
22:37:57.494 [Test worker] DEBUG o.h.p.w.spi.MetamodelGraphWalker - Visiting attribute path : userMail
22:37:57.494 [Test worker] DEBUG o.h.p.w.spi.MetamodelGraphWalker - Visiting attribute path : userName
22:37:57.494 [Test worker] DEBUG o.h.p.w.spi.MetamodelGraphWalker - Visiting attribute path : userPassword
22:37:57.494 [Test worker] DEBUG o.h.l.p.b.i.FetchStyleLoadPlanBuildingAssociationVisitationStrategy - Building LoadPlan...
22:37:57.495 [Test worker] DEBUG o.h.l.p.e.i.LoadQueryJoinAndFetchProcessor - processing queryspace <gen:0>
22:37:57.495 [Test worker] DEBUG o.h.l.p.b.spi.LoadPlanTreePrinter - LoadPlan(entity=sii.stqa.pft.mantis.model.User)
    - Returns
       - EntityReturnImpl(entity=sii.stqa.pft.mantis.model.User, querySpaceUid=<gen:0>, path=sii.stqa.pft.mantis.model.User)
    - QuerySpaces
       - EntityQuerySpaceImpl(uid=<gen:0>, entity=sii.stqa.pft.mantis.model.User)
          - SQL table alias mapping - user0_
          - alias suffix - 0_
          - suffixed key columns - {id1_0_0_}

22:37:57.496 [Test worker] DEBUG o.h.loader.entity.plan.EntityLoader - Static select for entity sii.stqa.pft.mantis.model.User [UPGRADE_SKIPLOCKED]: select user0_.id as id1_0_0_, user0_.email as email2_0_0_, user0_.username as username3_0_0_, user0_.password as password4_0_0_ from mantis_user_table user0_ where user0_.id=? for update
22:37:57.496 [Test worker] DEBUG o.h.l.p.b.i.spaces.QuerySpacesImpl - Adding QuerySpace : uid = <gen:0> -> org.hibernate.loader.plan.build.internal.spaces.EntityQuerySpaceImpl@3c4262d1]
22:37:57.496 [Test worker] DEBUG o.h.p.w.spi.MetamodelGraphWalker - Visiting attribute path : userMail
22:37:57.496 [Test worker] DEBUG o.h.p.w.spi.MetamodelGraphWalker - Visiting attribute path : userName
22:37:57.496 [Test worker] DEBUG o.h.p.w.spi.MetamodelGraphWalker - Visiting attribute path : userPassword
22:37:57.497 [Test worker] DEBUG o.h.l.p.b.i.FetchStyleLoadPlanBuildingAssociationVisitationStrategy - Building LoadPlan...
22:37:57.497 [Test worker] DEBUG o.h.l.p.e.i.LoadQueryJoinAndFetchProcessor - processing queryspace <gen:0>
22:37:57.497 [Test worker] DEBUG o.h.l.p.b.spi.LoadPlanTreePrinter - LoadPlan(entity=sii.stqa.pft.mantis.model.User)
    - Returns
       - EntityReturnImpl(entity=sii.stqa.pft.mantis.model.User, querySpaceUid=<gen:0>, path=sii.stqa.pft.mantis.model.User)
    - QuerySpaces
       - EntityQuerySpaceImpl(uid=<gen:0>, entity=sii.stqa.pft.mantis.model.User)
          - SQL table alias mapping - user0_
          - alias suffix - 0_
          - suffixed key columns - {id1_0_0_}

22:37:57.497 [Test worker] DEBUG o.h.loader.entity.plan.EntityLoader - Static select for entity sii.stqa.pft.mantis.model.User [FORCE]: select user0_.id as id1_0_0_, user0_.email as email2_0_0_, user0_.username as username3_0_0_, user0_.password as password4_0_0_ from mantis_user_table user0_ where user0_.id=? for update
22:37:57.497 [Test worker] DEBUG o.h.l.p.b.i.spaces.QuerySpacesImpl - Adding QuerySpace : uid = <gen:0> -> org.hibernate.loader.plan.build.internal.spaces.EntityQuerySpaceImpl@30c0d731]
22:37:57.497 [Test worker] DEBUG o.h.p.w.spi.MetamodelGraphWalker - Visiting attribute path : userMail
22:37:57.497 [Test worker] DEBUG o.h.p.w.spi.MetamodelGraphWalker - Visiting attribute path : userName
22:37:57.497 [Test worker] DEBUG o.h.p.w.spi.MetamodelGraphWalker - Visiting attribute path : userPassword
22:37:57.497 [Test worker] DEBUG o.h.l.p.b.i.FetchStyleLoadPlanBuildingAssociationVisitationStrategy - Building LoadPlan...
22:37:57.498 [Test worker] DEBUG o.h.l.p.e.i.LoadQueryJoinAndFetchProcessor - processing queryspace <gen:0>
22:37:57.498 [Test worker] DEBUG o.h.l.p.b.spi.LoadPlanTreePrinter - LoadPlan(entity=sii.stqa.pft.mantis.model.User)
    - Returns
       - EntityReturnImpl(entity=sii.stqa.pft.mantis.model.User, querySpaceUid=<gen:0>, path=sii.stqa.pft.mantis.model.User)
    - QuerySpaces
       - EntityQuerySpaceImpl(uid=<gen:0>, entity=sii.stqa.pft.mantis.model.User)
          - SQL table alias mapping - user0_
          - alias suffix - 0_
          - suffixed key columns - {id1_0_0_}

22:37:57.498 [Test worker] DEBUG o.h.loader.entity.plan.EntityLoader - Static select for entity sii.stqa.pft.mantis.model.User [PESSIMISTIC_READ]: select user0_.id as id1_0_0_, user0_.email as email2_0_0_, user0_.username as username3_0_0_, user0_.password as password4_0_0_ from mantis_user_table user0_ where user0_.id=? lock in share mode
22:37:57.498 [Test worker] DEBUG o.h.l.p.b.i.spaces.QuerySpacesImpl - Adding QuerySpace : uid = <gen:0> -> org.hibernate.loader.plan.build.internal.spaces.EntityQuerySpaceImpl@422b8438]
22:37:57.498 [Test worker] DEBUG o.h.p.w.spi.MetamodelGraphWalker - Visiting attribute path : userMail
22:37:57.498 [Test worker] DEBUG o.h.p.w.spi.MetamodelGraphWalker - Visiting attribute path : userName
22:37:57.498 [Test worker] DEBUG o.h.p.w.spi.MetamodelGraphWalker - Visiting attribute path : userPassword
22:37:57.498 [Test worker] DEBUG o.h.l.p.b.i.FetchStyleLoadPlanBuildingAssociationVisitationStrategy - Building LoadPlan...
22:37:57.498 [Test worker] DEBUG o.h.l.p.e.i.LoadQueryJoinAndFetchProcessor - processing queryspace <gen:0>
22:37:57.498 [Test worker] DEBUG o.h.l.p.b.spi.LoadPlanTreePrinter - LoadPlan(entity=sii.stqa.pft.mantis.model.User)
    - Returns
       - EntityReturnImpl(entity=sii.stqa.pft.mantis.model.User, querySpaceUid=<gen:0>, path=sii.stqa.pft.mantis.model.User)
    - QuerySpaces
       - EntityQuerySpaceImpl(uid=<gen:0>, entity=sii.stqa.pft.mantis.model.User)
          - SQL table alias mapping - user0_
          - alias suffix - 0_
          - suffixed key columns - {id1_0_0_}

22:37:57.499 [Test worker] DEBUG o.h.loader.entity.plan.EntityLoader - Static select for entity sii.stqa.pft.mantis.model.User [PESSIMISTIC_WRITE]: select user0_.id as id1_0_0_, user0_.email as email2_0_0_, user0_.username as username3_0_0_, user0_.password as password4_0_0_ from mantis_user_table user0_ where user0_.id=? for update
22:37:57.499 [Test worker] DEBUG o.h.l.p.b.i.spaces.QuerySpacesImpl - Adding QuerySpace : uid = <gen:0> -> org.hibernate.loader.plan.build.internal.spaces.EntityQuerySpaceImpl@629adce]
22:37:57.499 [Test worker] DEBUG o.h.p.w.spi.MetamodelGraphWalker - Visiting attribute path : userMail
22:37:57.499 [Test worker] DEBUG o.h.p.w.spi.MetamodelGraphWalker - Visiting attribute path : userName
22:37:57.499 [Test worker] DEBUG o.h.p.w.spi.MetamodelGraphWalker - Visiting attribute path : userPassword
22:37:57.499 [Test worker] DEBUG o.h.l.p.b.i.FetchStyleLoadPlanBuildingAssociationVisitationStrategy - Building LoadPlan...
22:37:57.499 [Test worker] DEBUG o.h.l.p.e.i.LoadQueryJoinAndFetchProcessor - processing queryspace <gen:0>
22:37:57.499 [Test worker] DEBUG o.h.l.p.b.spi.LoadPlanTreePrinter - LoadPlan(entity=sii.stqa.pft.mantis.model.User)
    - Returns
       - EntityReturnImpl(entity=sii.stqa.pft.mantis.model.User, querySpaceUid=<gen:0>, path=sii.stqa.pft.mantis.model.User)
    - QuerySpaces
       - EntityQuerySpaceImpl(uid=<gen:0>, entity=sii.stqa.pft.mantis.model.User)
          - SQL table alias mapping - user0_
          - alias suffix - 0_
          - suffixed key columns - {id1_0_0_}

22:37:57.499 [Test worker] DEBUG o.h.loader.entity.plan.EntityLoader - Static select for entity sii.stqa.pft.mantis.model.User [PESSIMISTIC_FORCE_INCREMENT]: select user0_.id as id1_0_0_, user0_.email as email2_0_0_, user0_.username as username3_0_0_, user0_.password as password4_0_0_ from mantis_user_table user0_ where user0_.id=? for update
22:37:57.499 [Test worker] DEBUG o.h.l.p.b.i.spaces.QuerySpacesImpl - Adding QuerySpace : uid = <gen:0> -> org.hibernate.loader.plan.build.internal.spaces.EntityQuerySpaceImpl@743c6ce4]
22:37:57.499 [Test worker] DEBUG o.h.p.w.spi.MetamodelGraphWalker - Visiting attribute path : userMail
22:37:57.499 [Test worker] DEBUG o.h.p.w.spi.MetamodelGraphWalker - Visiting attribute path : userName
22:37:57.499 [Test worker] DEBUG o.h.p.w.spi.MetamodelGraphWalker - Visiting attribute path : userPassword
22:37:57.499 [Test worker] DEBUG o.h.l.p.b.i.FetchStyleLoadPlanBuildingAssociationVisitationStrategy - Building LoadPlan...
22:37:57.500 [Test worker] DEBUG o.h.l.p.e.i.LoadQueryJoinAndFetchProcessor - processing queryspace <gen:0>
22:37:57.500 [Test worker] DEBUG o.h.l.p.b.spi.LoadPlanTreePrinter - LoadPlan(entity=sii.stqa.pft.mantis.model.User)
    - Returns
       - EntityReturnImpl(entity=sii.stqa.pft.mantis.model.User, querySpaceUid=<gen:0>, path=sii.stqa.pft.mantis.model.User)
    - QuerySpaces
       - EntityQuerySpaceImpl(uid=<gen:0>, entity=sii.stqa.pft.mantis.model.User)
          - SQL table alias mapping - user0_
          - alias suffix - 0_
          - suffixed key columns - {id1_0_0_}

22:37:57.500 [Test worker] DEBUG o.h.loader.entity.plan.EntityLoader - Static select for entity sii.stqa.pft.mantis.model.User [OPTIMISTIC]: select user0_.id as id1_0_0_, user0_.email as email2_0_0_, user0_.username as username3_0_0_, user0_.password as password4_0_0_ from mantis_user_table user0_ where user0_.id=?
22:37:57.500 [Test worker] DEBUG o.h.l.p.b.i.spaces.QuerySpacesImpl - Adding QuerySpace : uid = <gen:0> -> org.hibernate.loader.plan.build.internal.spaces.EntityQuerySpaceImpl@3bbf9027]
22:37:57.500 [Test worker] DEBUG o.h.p.w.spi.MetamodelGraphWalker - Visiting attribute path : userMail
22:37:57.500 [Test worker] DEBUG o.h.p.w.spi.MetamodelGraphWalker - Visiting attribute path : userName
22:37:57.500 [Test worker] DEBUG o.h.p.w.spi.MetamodelGraphWalker - Visiting attribute path : userPassword
22:37:57.500 [Test worker] DEBUG o.h.l.p.b.i.FetchStyleLoadPlanBuildingAssociationVisitationStrategy - Building LoadPlan...
22:37:57.500 [Test worker] DEBUG o.h.l.p.e.i.LoadQueryJoinAndFetchProcessor - processing queryspace <gen:0>
22:37:57.501 [Test worker] DEBUG o.h.l.p.b.spi.LoadPlanTreePrinter - LoadPlan(entity=sii.stqa.pft.mantis.model.User)
    - Returns
       - EntityReturnImpl(entity=sii.stqa.pft.mantis.model.User, querySpaceUid=<gen:0>, path=sii.stqa.pft.mantis.model.User)
    - QuerySpaces
       - EntityQuerySpaceImpl(uid=<gen:0>, entity=sii.stqa.pft.mantis.model.User)
          - SQL table alias mapping - user0_
          - alias suffix - 0_
          - suffixed key columns - {id1_0_0_}

22:37:57.501 [Test worker] DEBUG o.h.loader.entity.plan.EntityLoader - Static select for entity sii.stqa.pft.mantis.model.User [OPTIMISTIC_FORCE_INCREMENT]: select user0_.id as id1_0_0_, user0_.email as email2_0_0_, user0_.username as username3_0_0_, user0_.password as password4_0_0_ from mantis_user_table user0_ where user0_.id=?
22:37:57.514 [Test worker] DEBUG org.hibernate.loader.Loader - Static select for action ACTION_MERGE on entity sii.stqa.pft.mantis.model.User: select user0_.id as id1_0_0_, user0_.email as email2_0_0_, user0_.username as username3_0_0_, user0_.password as password4_0_0_ from mantis_user_table user0_ where user0_.id=?
22:37:57.514 [Test worker] DEBUG org.hibernate.loader.Loader - Static select for action ACTION_REFRESH on entity sii.stqa.pft.mantis.model.User: select user0_.id as id1_0_0_, user0_.email as email2_0_0_, user0_.username as username3_0_0_, user0_.password as password4_0_0_ from mantis_user_table user0_ where user0_.id=?
22:37:57.514 [Test worker] DEBUG o.h.internal.SessionFactoryImpl - Instantiated session factory
22:37:57.580 [Test worker] DEBUG o.h.e.t.j.p.i.JtaPlatformInitiator - No JtaPlatform was specified, checking resolver
22:37:57.580 [Test worker] DEBUG o.h.e.t.j.p.i.JtaPlatformResolverInitiator - No JtaPlatformResolver was specified, using default [org.hibernate.engine.transaction.jta.platform.internal.StandardJtaPlatformResolver]
22:37:57.583 [Test worker] DEBUG o.h.e.t.j.p.i.StandardJtaPlatformResolver - Could not resolve JtaPlatform, using default [org.hibernate.engine.transaction.jta.platform.internal.NoJtaPlatform]
22:37:57.589 [Test worker] DEBUG o.h.internal.NamedQueryRepository - Checking 0 named HQL queries
22:37:57.590 [Test worker] DEBUG o.h.internal.NamedQueryRepository - Checking 0 named SQL queries
22:37:57.591 [Test worker] DEBUG o.h.internal.SessionFactoryRegistry - Initializing SessionFactoryRegistry : org.hibernate.internal.SessionFactoryRegistry@117bcfdc
22:37:57.592 [Test worker] DEBUG o.h.internal.SessionFactoryRegistry - Registering SessionFactory: 71809c0a-b62d-4913-a5a7-3f9419a48c28 (<unnamed>)
22:37:57.593 [Test worker] DEBUG o.h.internal.SessionFactoryRegistry - Not binding SessionFactory to JNDI, no JNDI name configured
22:37:57.632 [Test worker] DEBUG o.h.s.internal.StatisticsInitiator - Statistics initialized [enabled=false]
22:37:57.633 [Test worker] DEBUG o.h.e.t.internal.TransactionImpl - begin
22:37:57.642 [Test worker] DEBUG o.h.h.i.QueryTranslatorFactoryInitiator - QueryTranslatorFactory : org.hibernate.hql.internal.ast.ASTQueryTranslatorFactory@4f3e7344
22:37:57.642 [Test worker] INFO  o.h.h.i.QueryTranslatorFactoryInitiator - HHH000397: Using ASTQueryTranslatorFactory
22:37:57.667 [Test worker] DEBUG o.h.h.i.ast.QueryTranslatorImpl - parse() - HQL: from sii.stqa.pft.mantis.model.User
22:37:57.673 [Test worker] DEBUG o.h.h.i.ast.QueryTranslatorImpl - --- HQL AST ---
 \-[QUERY] Node: 'query'
    \-[SELECT_FROM] Node: 'SELECT_FROM'
       \-[FROM] Node: 'from'
          \-[RANGE] Node: 'RANGE'
             \-[DOT] Node: '.'
                +-[DOT] Node: '.'
                |  +-[DOT] Node: '.'
                |  |  +-[DOT] Node: '.'
                |  |  |  +-[DOT] Node: '.'
                |  |  |  |  +-[IDENT] Node: 'sii'
                |  |  |  |  \-[IDENT] Node: 'stqa'
                |  |  |  \-[IDENT] Node: 'pft'
                |  |  \-[IDENT] Node: 'mantis'
                |  \-[IDENT] Node: 'model'
                \-[IDENT] Node: 'User'

22:37:57.673 [Test worker] DEBUG o.h.hql.internal.ast.ErrorCounter - throwQueryException() : no errors
22:37:57.715 [Test worker] DEBUG o.h.h.i.antlr.HqlSqlBaseWalker - select << begin [level=1, statement=select]
22:37:57.725 [Test worker] DEBUG o.h.h.internal.ast.tree.FromElement - FromClause{level=1} : sii.stqa.pft.mantis.model.User (<no alias>) -> user0_
22:37:57.725 [Test worker] DEBUG o.h.h.i.antlr.HqlSqlBaseWalker - select : finishing up [level=1, statement=select]
22:37:57.725 [Test worker] DEBUG o.h.hql.internal.ast.HqlSqlWalker - processQuery() :  ( SELECT ( FromClause{level=1} mantis_user_table user0_ ) )
22:37:57.730 [Test worker] DEBUG o.h.hql.internal.ast.HqlSqlWalker - Derived SELECT clause created.
22:37:57.733 [Test worker] DEBUG o.h.h.i.ast.util.JoinProcessor - Using FROM fragment [mantis_user_table user0_]
22:37:57.733 [Test worker] DEBUG o.h.h.i.antlr.HqlSqlBaseWalker - select >> end [level=1, statement=select]
22:37:57.734 [Test worker] DEBUG o.h.h.i.ast.QueryTranslatorImpl - --- SQL AST ---
 \-[SELECT] QueryNode: 'SELECT'  querySpaces (mantis_user_table)
    +-[SELECT_CLAUSE] SelectClause: '{derived select clause}'
    |  +-[SELECT_EXPR] SelectExpressionImpl: 'user0_.id as id1_0_' {FromElement{explicit,not a collection join,not a fetch join,fetch non-lazy properties,classAlias=null,role=null,tableName=mantis_user_table,tableAlias=user0_,origin=null,columns={,className=sii.stqa.pft.mantis.model.User}}}
    |  \-[SQL_TOKEN] SqlFragment: 'user0_.email as email2_0_, user0_.username as username3_0_, user0_.password as password4_0_'
    \-[FROM] FromClause: 'from' FromClause{level=1, fromElementCounter=1, fromElements=1, fromElementByClassAlias=[], fromElementByTableAlias=[user0_], fromElementsByPath=[], collectionJoinFromElementsByPath=[], impliedElements=[]}
       \-[FROM_FRAGMENT] FromElement: 'mantis_user_table user0_' FromElement{explicit,not a collection join,not a fetch join,fetch non-lazy properties,classAlias=null,role=null,tableName=mantis_user_table,tableAlias=user0_,origin=null,columns={,className=sii.stqa.pft.mantis.model.User}}

22:37:57.734 [Test worker] DEBUG o.h.hql.internal.ast.ErrorCounter - throwQueryException() : no errors
22:37:57.739 [Test worker] DEBUG o.h.h.i.ast.QueryTranslatorImpl - HQL: from sii.stqa.pft.mantis.model.User
22:37:57.739 [Test worker] DEBUG o.h.h.i.ast.QueryTranslatorImpl - SQL: select user0_.id as id1_0_, user0_.email as email2_0_, user0_.username as username3_0_, user0_.password as password4_0_ from mantis_user_table user0_
22:37:57.739 [Test worker] DEBUG o.h.hql.internal.ast.ErrorCounter - throwQueryException() : no errors
22:37:57.748 [Test worker] DEBUG org.hibernate.SQL - select user0_.id as id1_0_, user0_.email as email2_0_, user0_.username as username3_0_, user0_.password as password4_0_ from mantis_user_table user0_
Hibernate: select user0_.id as id1_0_, user0_.email as email2_0_, user0_.username as username3_0_, user0_.password as password4_0_ from mantis_user_table user0_
22:37:57.760 [Test worker] DEBUG org.hibernate.loader.Loader - Result set row: 0
22:37:57.762 [Test worker] DEBUG org.hibernate.loader.Loader - Result row: EntityKey[sii.stqa.pft.mantis.model.User#1]
22:37:57.767 [Test worker] DEBUG org.hibernate.loader.Loader - Result set row: 1
22:37:57.767 [Test worker] DEBUG org.hibernate.loader.Loader - Result row: EntityKey[sii.stqa.pft.mantis.model.User#2]
22:37:57.767 [Test worker] DEBUG org.hibernate.loader.Loader - Result set row: 2
22:37:57.767 [Test worker] DEBUG org.hibernate.loader.Loader - Result row: EntityKey[sii.stqa.pft.mantis.model.User#3]
22:37:57.767 [Test worker] DEBUG org.hibernate.loader.Loader - Result set row: 3
22:37:57.768 [Test worker] DEBUG org.hibernate.loader.Loader - Result row: EntityKey[sii.stqa.pft.mantis.model.User#4]
22:37:57.768 [Test worker] DEBUG org.hibernate.loader.Loader - Result set row: 4
22:37:57.768 [Test worker] DEBUG org.hibernate.loader.Loader - Result row: EntityKey[sii.stqa.pft.mantis.model.User#5]
22:37:57.768 [Test worker] DEBUG org.hibernate.loader.Loader - Result set row: 5
22:37:57.768 [Test worker] DEBUG org.hibernate.loader.Loader - Result row: EntityKey[sii.stqa.pft.mantis.model.User#6]
22:37:57.768 [Test worker] DEBUG org.hibernate.loader.Loader - Result set row: 6
22:37:57.768 [Test worker] DEBUG org.hibernate.loader.Loader - Result row: EntityKey[sii.stqa.pft.mantis.model.User#7]
22:37:57.768 [Test worker] DEBUG org.hibernate.loader.Loader - Result set row: 7
22:37:57.768 [Test worker] DEBUG org.hibernate.loader.Loader - Result row: EntityKey[sii.stqa.pft.mantis.model.User#8]
22:37:57.769 [Test worker] DEBUG org.hibernate.loader.Loader - Result set row: 8
22:37:57.769 [Test worker] DEBUG org.hibernate.loader.Loader - Result row: EntityKey[sii.stqa.pft.mantis.model.User#9]
22:37:57.769 [Test worker] DEBUG org.hibernate.loader.Loader - Result set row: 9
22:37:57.769 [Test worker] DEBUG org.hibernate.loader.Loader - Result row: EntityKey[sii.stqa.pft.mantis.model.User#10]
22:37:57.769 [Test worker] DEBUG org.hibernate.loader.Loader - Result set row: 10
22:37:57.769 [Test worker] DEBUG org.hibernate.loader.Loader - Result row: EntityKey[sii.stqa.pft.mantis.model.User#11]
22:37:57.770 [Test worker] DEBUG o.h.engine.internal.TwoPhaseLoad - Resolving associations for [sii.stqa.pft.mantis.model.User#1]
22:37:57.772 [Test worker] DEBUG o.h.engine.internal.TwoPhaseLoad - Done materializing entity [sii.stqa.pft.mantis.model.User#1]
22:37:57.772 [Test worker] DEBUG o.h.engine.internal.TwoPhaseLoad - Resolving associations for [sii.stqa.pft.mantis.model.User#2]
22:37:57.772 [Test worker] DEBUG o.h.engine.internal.TwoPhaseLoad - Done materializing entity [sii.stqa.pft.mantis.model.User#2]
22:37:57.772 [Test worker] DEBUG o.h.engine.internal.TwoPhaseLoad - Resolving associations for [sii.stqa.pft.mantis.model.User#3]
22:37:57.772 [Test worker] DEBUG o.h.engine.internal.TwoPhaseLoad - Done materializing entity [sii.stqa.pft.mantis.model.User#3]
22:37:57.772 [Test worker] DEBUG o.h.engine.internal.TwoPhaseLoad - Resolving associations for [sii.stqa.pft.mantis.model.User#4]
22:37:57.772 [Test worker] DEBUG o.h.engine.internal.TwoPhaseLoad - Done materializing entity [sii.stqa.pft.mantis.model.User#4]
22:37:57.772 [Test worker] DEBUG o.h.engine.internal.TwoPhaseLoad - Resolving associations for [sii.stqa.pft.mantis.model.User#5]
22:37:57.772 [Test worker] DEBUG o.h.engine.internal.TwoPhaseLoad - Done materializing entity [sii.stqa.pft.mantis.model.User#5]
22:37:57.772 [Test worker] DEBUG o.h.engine.internal.TwoPhaseLoad - Resolving associations for [sii.stqa.pft.mantis.model.User#6]
22:37:57.772 [Test worker] DEBUG o.h.engine.internal.TwoPhaseLoad - Done materializing entity [sii.stqa.pft.mantis.model.User#6]
22:37:57.772 [Test worker] DEBUG o.h.engine.internal.TwoPhaseLoad - Resolving associations for [sii.stqa.pft.mantis.model.User#7]
22:37:57.773 [Test worker] DEBUG o.h.engine.internal.TwoPhaseLoad - Done materializing entity [sii.stqa.pft.mantis.model.User#7]
22:37:57.773 [Test worker] DEBUG o.h.engine.internal.TwoPhaseLoad - Resolving associations for [sii.stqa.pft.mantis.model.User#8]
22:37:57.773 [Test worker] DEBUG o.h.engine.internal.TwoPhaseLoad - Done materializing entity [sii.stqa.pft.mantis.model.User#8]
22:37:57.773 [Test worker] DEBUG o.h.engine.internal.TwoPhaseLoad - Resolving associations for [sii.stqa.pft.mantis.model.User#9]
22:37:57.773 [Test worker] DEBUG o.h.engine.internal.TwoPhaseLoad - Done materializing entity [sii.stqa.pft.mantis.model.User#9]
22:37:57.773 [Test worker] DEBUG o.h.engine.internal.TwoPhaseLoad - Resolving associations for [sii.stqa.pft.mantis.model.User#10]
22:37:57.773 [Test worker] DEBUG o.h.engine.internal.TwoPhaseLoad - Done materializing entity [sii.stqa.pft.mantis.model.User#10]
22:37:57.773 [Test worker] DEBUG o.h.engine.internal.TwoPhaseLoad - Resolving associations for [sii.stqa.pft.mantis.model.User#11]
22:37:57.773 [Test worker] DEBUG o.h.engine.internal.TwoPhaseLoad - Done materializing entity [sii.stqa.pft.mantis.model.User#11]
22:37:57.774 [Test worker] DEBUG o.h.e.t.internal.TransactionImpl - committing
22:37:57.774 [Test worker] DEBUG o.h.e.i.AbstractFlushingEventListener - Processing flush-time cascades
22:37:57.776 [Test worker] DEBUG o.h.e.i.AbstractFlushingEventListener - Dirty checking collections
22:37:57.778 [Test worker] DEBUG o.h.e.i.AbstractFlushingEventListener - Flushed: 0 insertions, 0 updates, 0 deletions to 11 objects
22:37:57.778 [Test worker] DEBUG o.h.e.i.AbstractFlushingEventListener - Flushed: 0 (re)creations, 0 updates, 0 removals to 0 collections
22:37:57.779 [Test worker] DEBUG o.h.internal.util.EntityPrinter - Listing entities:
22:37:57.779 [Test worker] DEBUG o.h.internal.util.EntityPrinter - sii.stqa.pft.mantis.model.User{userPassword=5f4dcc3b5aa765d61d8327deb882cf99, userMail=user1669842491580@localhost.localdomain, id=11, userName=user1669842491580}
22:37:57.779 [Test worker] DEBUG o.h.internal.util.EntityPrinter - sii.stqa.pft.mantis.model.User{userPassword=63a9f0ea7bb98050796b649e85481845, userMail=root@localhost, id=1, userName=administrator}
22:37:57.779 [Test worker] DEBUG o.h.internal.util.EntityPrinter - sii.stqa.pft.mantis.model.User{userPassword=14a88b9d2f52c55b5fbcf9c5d9c11875, userMail=user1669812587315@localhost.localdomain, id=2, userName=user1669812587315}
22:37:57.779 [Test worker] DEBUG o.h.internal.util.EntityPrinter - sii.stqa.pft.mantis.model.User{userPassword=22b99e79ebfdd790fc9f874a7bf5c04f, userMail=user1669812704289@localhost.localdomain, id=3, userName=user1669812704289}
22:37:57.779 [Test worker] DEBUG o.h.internal.util.EntityPrinter - sii.stqa.pft.mantis.model.User{userPassword=a3446b6106c4b356fe100e503d2e2024, userMail=user1669812796776@localhost.localdomain, id=4, userName=user1669812796776}
22:37:57.779 [Test worker] DEBUG o.h.internal.util.EntityPrinter - sii.stqa.pft.mantis.model.User{userPassword=1787e65d1502909bf41a3985f3777f0a, userMail=user1669814480008@localhost.localdomain, id=5, userName=user1669814480008}
22:37:57.779 [Test worker] DEBUG o.h.internal.util.EntityPrinter - sii.stqa.pft.mantis.model.User{userPassword=2abdbd579a9f7ac5f79aafe4608033b0, userMail=user1669814573528@localhost.localdomain, id=6, userName=user1669814573528}
22:37:57.779 [Test worker] DEBUG o.h.internal.util.EntityPrinter - sii.stqa.pft.mantis.model.User{userPassword=cf537f8e00af684c4be7b7d575a4a493, userMail=user1669815361758@localhost.localdomain, id=7, userName=user1669815361758}
22:37:57.779 [Test worker] DEBUG o.h.internal.util.EntityPrinter - sii.stqa.pft.mantis.model.User{userPassword=de3fff07562f2698b4cb84819811eb7c, userMail=user1669816464641@localhost.localdomain, id=8, userName=user1669816464641}
22:37:57.780 [Test worker] DEBUG o.h.internal.util.EntityPrinter - sii.stqa.pft.mantis.model.User{userPassword=0baeb5794353918c5115fa46140ae7d3, userMail=user1669817505487@localhost.localdomain, id=9, userName=user1669817505487}
22:37:57.780 [Test worker] DEBUG o.h.internal.util.EntityPrinter - sii.stqa.pft.mantis.model.User{userPassword=5f4dcc3b5aa765d61d8327deb882cf99, userMail=user1669818335570@localhost.localdomain, id=10, userName=user1669818335570}
22:37:57.783 [Test worker] DEBUG o.h.e.t.internal.TransactionImpl - begin
22:37:57.784 [Test worker] DEBUG org.hibernate.SQL - select user0_.id as id1_0_, user0_.email as email2_0_, user0_.username as username3_0_, user0_.password as password4_0_ from mantis_user_table user0_
Hibernate: select user0_.id as id1_0_, user0_.email as email2_0_, user0_.username as username3_0_, user0_.password as password4_0_ from mantis_user_table user0_
22:37:57.784 [Test worker] DEBUG org.hibernate.loader.Loader - Result set row: 0
22:37:57.785 [Test worker] DEBUG org.hibernate.loader.Loader - Result row: EntityKey[sii.stqa.pft.mantis.model.User#1]
22:37:57.785 [Test worker] DEBUG org.hibernate.loader.Loader - Result set row: 1
22:37:57.785 [Test worker] DEBUG org.hibernate.loader.Loader - Result row: EntityKey[sii.stqa.pft.mantis.model.User#2]
22:37:57.785 [Test worker] DEBUG org.hibernate.loader.Loader - Result set row: 2
22:37:57.785 [Test worker] DEBUG org.hibernate.loader.Loader - Result row: EntityKey[sii.stqa.pft.mantis.model.User#3]
22:37:57.785 [Test worker] DEBUG org.hibernate.loader.Loader - Result set row: 3
22:37:57.785 [Test worker] DEBUG org.hibernate.loader.Loader - Result row: EntityKey[sii.stqa.pft.mantis.model.User#4]
22:37:57.785 [Test worker] DEBUG org.hibernate.loader.Loader - Result set row: 4
22:37:57.785 [Test worker] DEBUG org.hibernate.loader.Loader - Result row: EntityKey[sii.stqa.pft.mantis.model.User#5]
22:37:57.786 [Test worker] DEBUG org.hibernate.loader.Loader - Result set row: 5
22:37:57.786 [Test worker] DEBUG org.hibernate.loader.Loader - Result row: EntityKey[sii.stqa.pft.mantis.model.User#6]
22:37:57.786 [Test worker] DEBUG org.hibernate.loader.Loader - Result set row: 6
22:37:57.786 [Test worker] DEBUG org.hibernate.loader.Loader - Result row: EntityKey[sii.stqa.pft.mantis.model.User#7]
22:37:57.786 [Test worker] DEBUG org.hibernate.loader.Loader - Result set row: 7
22:37:57.786 [Test worker] DEBUG org.hibernate.loader.Loader - Result row: EntityKey[sii.stqa.pft.mantis.model.User#8]
22:37:57.786 [Test worker] DEBUG org.hibernate.loader.Loader - Result set row: 8
22:37:57.786 [Test worker] DEBUG org.hibernate.loader.Loader - Result row: EntityKey[sii.stqa.pft.mantis.model.User#9]
22:37:57.786 [Test worker] DEBUG org.hibernate.loader.Loader - Result set row: 9
22:37:57.786 [Test worker] DEBUG org.hibernate.loader.Loader - Result row: EntityKey[sii.stqa.pft.mantis.model.User#10]
22:37:57.786 [Test worker] DEBUG org.hibernate.loader.Loader - Result set row: 10
22:37:57.786 [Test worker] DEBUG org.hibernate.loader.Loader - Result row: EntityKey[sii.stqa.pft.mantis.model.User#11]
22:37:57.786 [Test worker] DEBUG o.h.engine.internal.TwoPhaseLoad - Resolving associations for [sii.stqa.pft.mantis.model.User#1]
22:37:57.786 [Test worker] DEBUG o.h.engine.internal.TwoPhaseLoad - Done materializing entity [sii.stqa.pft.mantis.model.User#1]
22:37:57.786 [Test worker] DEBUG o.h.engine.internal.TwoPhaseLoad - Resolving associations for [sii.stqa.pft.mantis.model.User#2]
22:37:57.786 [Test worker] DEBUG o.h.engine.internal.TwoPhaseLoad - Done materializing entity [sii.stqa.pft.mantis.model.User#2]
22:37:57.786 [Test worker] DEBUG o.h.engine.internal.TwoPhaseLoad - Resolving associations for [sii.stqa.pft.mantis.model.User#3]
22:37:57.786 [Test worker] DEBUG o.h.engine.internal.TwoPhaseLoad - Done materializing entity [sii.stqa.pft.mantis.model.User#3]
22:37:57.786 [Test worker] DEBUG o.h.engine.internal.TwoPhaseLoad - Resolving associations for [sii.stqa.pft.mantis.model.User#4]
22:37:57.787 [Test worker] DEBUG o.h.engine.internal.TwoPhaseLoad - Done materializing entity [sii.stqa.pft.mantis.model.User#4]
22:37:57.787 [Test worker] DEBUG o.h.engine.internal.TwoPhaseLoad - Resolving associations for [sii.stqa.pft.mantis.model.User#5]
22:37:57.787 [Test worker] DEBUG o.h.engine.internal.TwoPhaseLoad - Done materializing entity [sii.stqa.pft.mantis.model.User#5]
22:37:57.787 [Test worker] DEBUG o.h.engine.internal.TwoPhaseLoad - Resolving associations for [sii.stqa.pft.mantis.model.User#6]
22:37:57.787 [Test worker] DEBUG o.h.engine.internal.TwoPhaseLoad - Done materializing entity [sii.stqa.pft.mantis.model.User#6]
22:37:57.787 [Test worker] DEBUG o.h.engine.internal.TwoPhaseLoad - Resolving associations for [sii.stqa.pft.mantis.model.User#7]
22:37:57.787 [Test worker] DEBUG o.h.engine.internal.TwoPhaseLoad - Done materializing entity [sii.stqa.pft.mantis.model.User#7]
22:37:57.787 [Test worker] DEBUG o.h.engine.internal.TwoPhaseLoad - Resolving associations for [sii.stqa.pft.mantis.model.User#8]
22:37:57.787 [Test worker] DEBUG o.h.engine.internal.TwoPhaseLoad - Done materializing entity [sii.stqa.pft.mantis.model.User#8]
22:37:57.787 [Test worker] DEBUG o.h.engine.internal.TwoPhaseLoad - Resolving associations for [sii.stqa.pft.mantis.model.User#9]
22:37:57.787 [Test worker] DEBUG o.h.engine.internal.TwoPhaseLoad - Done materializing entity [sii.stqa.pft.mantis.model.User#9]
22:37:57.787 [Test worker] DEBUG o.h.engine.internal.TwoPhaseLoad - Resolving associations for [sii.stqa.pft.mantis.model.User#10]
22:37:57.787 [Test worker] DEBUG o.h.engine.internal.TwoPhaseLoad - Done materializing entity [sii.stqa.pft.mantis.model.User#10]
22:37:57.787 [Test worker] DEBUG o.h.engine.internal.TwoPhaseLoad - Resolving associations for [sii.stqa.pft.mantis.model.User#11]
22:37:57.787 [Test worker] DEBUG o.h.engine.internal.TwoPhaseLoad - Done materializing entity [sii.stqa.pft.mantis.model.User#11]
22:37:57.787 [Test worker] DEBUG o.h.e.t.internal.TransactionImpl - committing
22:37:57.787 [Test worker] DEBUG o.h.e.i.AbstractFlushingEventListener - Processing flush-time cascades
22:37:57.787 [Test worker] DEBUG o.h.e.i.AbstractFlushingEventListener - Dirty checking collections
22:37:57.788 [Test worker] DEBUG o.h.e.i.AbstractFlushingEventListener - Flushed: 0 insertions, 0 updates, 0 deletions to 11 objects
22:37:57.788 [Test worker] DEBUG o.h.e.i.AbstractFlushingEventListener - Flushed: 0 (re)creations, 0 updates, 0 removals to 0 collections
22:37:57.788 [Test worker] DEBUG o.h.internal.util.EntityPrinter - Listing entities:
22:37:57.788 [Test worker] DEBUG o.h.internal.util.EntityPrinter - sii.stqa.pft.mantis.model.User{userPassword=5f4dcc3b5aa765d61d8327deb882cf99, userMail=user1669842491580@localhost.localdomain, id=11, userName=user1669842491580}
22:37:57.788 [Test worker] DEBUG o.h.internal.util.EntityPrinter - sii.stqa.pft.mantis.model.User{userPassword=63a9f0ea7bb98050796b649e85481845, userMail=root@localhost, id=1, userName=administrator}
22:37:57.788 [Test worker] DEBUG o.h.internal.util.EntityPrinter - sii.stqa.pft.mantis.model.User{userPassword=14a88b9d2f52c55b5fbcf9c5d9c11875, userMail=user1669812587315@localhost.localdomain, id=2, userName=user1669812587315}
22:37:57.788 [Test worker] DEBUG o.h.internal.util.EntityPrinter - sii.stqa.pft.mantis.model.User{userPassword=22b99e79ebfdd790fc9f874a7bf5c04f, userMail=user1669812704289@localhost.localdomain, id=3, userName=user1669812704289}
22:37:57.788 [Test worker] DEBUG o.h.internal.util.EntityPrinter - sii.stqa.pft.mantis.model.User{userPassword=a3446b6106c4b356fe100e503d2e2024, userMail=user1669812796776@localhost.localdomain, id=4, userName=user1669812796776}
22:37:57.788 [Test worker] DEBUG o.h.internal.util.EntityPrinter - sii.stqa.pft.mantis.model.User{userPassword=1787e65d1502909bf41a3985f3777f0a, userMail=user1669814480008@localhost.localdomain, id=5, userName=user1669814480008}
22:37:57.788 [Test worker] DEBUG o.h.internal.util.EntityPrinter - sii.stqa.pft.mantis.model.User{userPassword=2abdbd579a9f7ac5f79aafe4608033b0, userMail=user1669814573528@localhost.localdomain, id=6, userName=user1669814573528}
22:37:57.788 [Test worker] DEBUG o.h.internal.util.EntityPrinter - sii.stqa.pft.mantis.model.User{userPassword=cf537f8e00af684c4be7b7d575a4a493, userMail=user1669815361758@localhost.localdomain, id=7, userName=user1669815361758}
22:37:57.788 [Test worker] DEBUG o.h.internal.util.EntityPrinter - sii.stqa.pft.mantis.model.User{userPassword=de3fff07562f2698b4cb84819811eb7c, userMail=user1669816464641@localhost.localdomain, id=8, userName=user1669816464641}
22:37:57.788 [Test worker] DEBUG o.h.internal.util.EntityPrinter - sii.stqa.pft.mantis.model.User{userPassword=0baeb5794353918c5115fa46140ae7d3, userMail=user1669817505487@localhost.localdomain, id=9, userName=user1669817505487}
22:37:57.788 [Test worker] DEBUG o.h.internal.util.EntityPrinter - sii.stqa.pft.mantis.model.User{userPassword=5f4dcc3b5aa765d61d8327deb882cf99, userMail=user1669818335570@localhost.localdomain, id=10, userName=user1669818335570}
22:37:58.096 [org.subethamail.smtp.server.Session-/0:0:0:0:0:0:0:1:54761] DEBUG org.subethamail.smtp.server.Session - SMTP connection from 0:0:0:0:0:0:0:1/0:0:0:0:0:0:0:1, new connection count: 1
22:37:58.096 [org.subethamail.smtp.server.Session-/0:0:0:0:0:0:0:1:54761] DEBUG org.subethamail.smtp.server.Session - Server: 220 DESKTOP-LAA6JF6 ESMTP SubEthaSMTP 3.1.7
22:37:58.116 [org.subethamail.smtp.server.Session-/0:0:0:0:0:0:0:1:54761] DEBUG org.subethamail.smtp.server.Session - Client: EHLO localhost
22:37:58.117 [org.subethamail.smtp.server.Session-/0:0:0:0:0:0:0:1:54761] DEBUG org.subethamail.smtp.server.Session - Server: 250-DESKTOP-LAA6JF6
250-8BITMIME
250 Ok
22:37:58.118 [org.subethamail.smtp.server.Session-/0:0:0:0:0:0:0:1:54761] DEBUG org.subethamail.smtp.server.Session - Client: MAIL FROM:<admin@example.com>
22:37:58.140 [org.subethamail.smtp.server.Session-/0:0:0:0:0:0:0:1:54761] DEBUG org.subethamail.smtp.server.Session - Server: 250 Ok
22:37:58.142 [org.subethamail.smtp.server.Session-/0:0:0:0:0:0:0:1:54761] DEBUG org.subethamail.smtp.server.Session - Client: RCPT TO:<user1669812587315@localhost.localdomain>
22:37:58.144 [org.subethamail.smtp.server.Session-/0:0:0:0:0:0:0:1:54761] DEBUG org.subethamail.wiser.Wiser - Accepting mail from admin@example.com to user1669812587315@localhost.localdomain
22:37:58.144 [org.subethamail.smtp.server.Session-/0:0:0:0:0:0:0:1:54761] DEBUG org.subethamail.smtp.server.Session - Server: 250 Ok
22:37:58.145 [org.subethamail.smtp.server.Session-/0:0:0:0:0:0:0:1:54761] DEBUG org.subethamail.smtp.server.Session - Client: DATA
22:37:58.145 [org.subethamail.smtp.server.Session-/0:0:0:0:0:0:0:1:54761] DEBUG org.subethamail.smtp.server.Session - Server: 354 End data with <CR><LF>.<CR><LF>
22:37:58.163 [org.subethamail.smtp.server.Session-/0:0:0:0:0:0:0:1:54761] DEBUG org.subethamail.wiser.Wiser - Delivering mail from admin@example.com to user1669812587315@localhost.localdomain
22:37:58.165 [org.subethamail.smtp.server.Session-/0:0:0:0:0:0:0:1:54761] DEBUG org.subethamail.wiser.Wiser - Creating message from data with 1164 bytes
22:37:58.168 [org.subethamail.smtp.server.Session-/0:0:0:0:0:0:0:1:54761] DEBUG org.subethamail.smtp.server.Session - Server: 250 Ok
22:37:58.168 [org.subethamail.smtp.server.Session-/0:0:0:0:0:0:0:1:54761] DEBUG org.subethamail.smtp.server.Session - Client: RSET
22:37:58.169 [org.subethamail.smtp.server.Session-/0:0:0:0:0:0:0:1:54761] DEBUG org.subethamail.smtp.server.Session - Server: 250 Ok
22:37:58.170 [org.subethamail.smtp.server.Session-/0:0:0:0:0:0:0:1:54761] DEBUG org.subethamail.smtp.server.Session - Client: quit
22:37:58.170 [org.subethamail.smtp.server.Session-/0:0:0:0:0:0:0:1:54761] DEBUG org.subethamail.smtp.server.Session - Server: 221 Bye
]]></system-out>
  <system-err><![CDATA[Starting ChromeDriver 106.0.5249.61 (511755355844955cd3e264779baf0dd38212a4d0-refs/branch-heads/5249@{#569}) on port 38026
Only local connections are allowed.
Please see https://chromedriver.chromium.org/security-considerations for suggestions on keeping ChromeDriver safe.
ChromeDriver was started successfully.
[1669844275.040][WARNING]: This version of ChromeDriver has not been tested with Chrome version 107.
lis 30, 2022 10:37:55 PM org.openqa.selenium.remote.ProtocolHandshake createSession
INFO: Detected dialect: W3C
]]></system-err>
</testsuite>
