<?xml version="1.0" encoding="UTF-8"?>
<testsuite name="sii.stqa.pft.addressbook.test.GroupDeletionTest" tests="1" skipped="0" failures="0" errors="0" timestamp="2022-11-28T08:11:17" hostname="DESKTOP-LAA6JF6" time="2.294">
  <properties/>
  <testcase name="testGroupDeletion" classname="sii.stqa.pft.addressbook.test.GroupDeletionTest" time="2.294"/>
  <system-out><![CDATA[]]></system-out>
  <system-err><![CDATA[]]></system-err>
</testsuite>
