<?xml version="1.0" encoding="UTF-8"?>
<testsuite name="sii.stqa.pft.addressbook.test.GroupCreationTest" tests="4" skipped="0" failures="0" errors="0" timestamp="2022-11-28T08:52:41" hostname="DESKTOP-LAA6JF6" time="17.918">
  <properties/>
  <testcase name="testBadGroupCreation" classname="sii.stqa.pft.addressbook.test.GroupCreationTest" time="5.965"/>
  <testcase name="testGroupCreation[0](GroupData{id='0', name='test 0'})" classname="sii.stqa.pft.addressbook.test.GroupCreationTest" time="4.442"/>
  <testcase name="testGroupCreation[1](GroupData{id='0', name='test 1'})" classname="sii.stqa.pft.addressbook.test.GroupCreationTest" time="3.796"/>
  <testcase name="testGroupCreation[2](GroupData{id='0', name='test 2'})" classname="sii.stqa.pft.addressbook.test.GroupCreationTest" time="3.641"/>
  <system-out><![CDATA[]]></system-out>
  <system-err><![CDATA[]]></system-err>
</testsuite>
