<?xml version="1.0" encoding="UTF-8"?>
<testsuite name="sii.stqa.pft.addressbook.test.ContactCreationTest" tests="4" skipped="0" failures="0" errors="0" timestamp="2022-11-28T07:40:00" hostname="DESKTOP-LAA6JF6" time="30.482">
  <properties/>
  <testcase name="testBadContactCreation" classname="sii.stqa.pft.addressbook.test.ContactCreationTest" time="8.316"/>
  <testcase name="testContactCreation[0](ContactData{id='0', firstName='FirstName 0', lastName='LastName 0'})" classname="sii.stqa.pft.addressbook.test.ContactCreationTest" time="6.359"/>
  <testcase name="testContactCreation[1](ContactData{id='0', firstName='FirstName 1', lastName='LastName 1'})" classname="sii.stqa.pft.addressbook.test.ContactCreationTest" time="6.983"/>
  <testcase name="testContactCreation[2](ContactData{id='0', firstName='FirstName 2', lastName='LastName 2'})" classname="sii.stqa.pft.addressbook.test.ContactCreationTest" time="7.409"/>
  <system-out><![CDATA[]]></system-out>
  <system-err><![CDATA[]]></system-err>
</testsuite>
