<?xml version="1.0" encoding="UTF-8"?>
<!-- Generated by org.testng.reporters.JUnitReportReporter -->
<testsuite hostname="DESKTOP-LAA6JF6" name="sii.stqa.pft.sandbox.SquareTests" tests="1" failures="0" timestamp="6 Oct 2022 11:17:13 GMT" time="0.006" errors="0">
  <testcase name="testArea" time="0.006" classname="sii.stqa.pft.sandbox.SquareTests"/>
</testsuite> <!-- sii.stqa.pft.sandbox.SquareTests -->
