<?xml version="1.0" encoding="UTF-8"?>
<testsuite name="sii.stqa.pft.addressbook.ContactCreationTest" tests="1" skipped="0" failures="0" errors="0" timestamp="2022-10-06T19:05:12" hostname="DESKTOP-LAA6JF6" time="2.178">
  <properties/>
  <testcase name="testContactCreation" classname="sii.stqa.pft.addressbook.ContactCreationTest" time="2.178"/>
  <system-out><![CDATA[]]></system-out>
  <system-err><![CDATA[]]></system-err>
</testsuite>
