<?xml version="1.0" encoding="UTF-8"?>
<testsuite name="sii.stqa.pft.addressbook.test.DBConnectionTest" tests="1" skipped="0" failures="0" errors="0" timestamp="2022-11-28T21:48:29" hostname="DESKTOP-LAA6JF6" time="0.005">
  <properties/>
  <testcase name="testDBConnection" classname="sii.stqa.pft.addressbook.test.DBConnectionTest" time="0.005"/>
  <system-out><![CDATA[[GroupData{id='53', name='test1'}, GroupData{id='55', name='test1'}, GroupData{id='81', name='test1'}, GroupData{id='77', name='test1'}, GroupData{id='90', name='test 1'}, GroupData{id='91', name='test 2'}, GroupData{id='89', name='test 0'}, GroupData{id='66', name='test 1'}, GroupData{id='67', name='test 2'}, GroupData{id='71', name='test 0'}, GroupData{id='72', name='test 1'}, GroupData{id='65', name='test 0'}, GroupData{id='58', name='test3'}, GroupData{id='56', name='test1'}, GroupData{id='57', name='test2'}, GroupData{id='73', name='test 2'}, GroupData{id='84', name='test 1'}, GroupData{id='85', name='test 2'}, GroupData{id='83', name='test 0'}, GroupData{id='50', name='test1'}, GroupData{id='48', name='test1'}, GroupData{id='78', name='test 1'}, GroupData{id='52', name='test1'}, GroupData{id='60', name='test2'}, GroupData{id='61', name='test3'}, GroupData{id='54', name='test1'}, GroupData{id='38', name='test1'}, GroupData{id='82', name='test1'}, GroupData{id='63', name='test 18'}, GroupData{id='68', name='test 0'}, GroupData{id='69', name='test 1'}, GroupData{id='70', name='test 2'}, GroupData{id='92', name='test 0'}, GroupData{id='93', name='test 1'}, GroupData{id='94', name='test 2'}, GroupData{id='80', name='test1'}, GroupData{id='74', name='test 0'}, GroupData{id='59', name='test1'}, GroupData{id='75', name='test 1'}, GroupData{id='76', name='test 2'}, GroupData{id='62', name='test1'}, GroupData{id='86', name='test 0'}, GroupData{id='87', name='test 1'}, GroupData{id='88', name='test 2'}]
]]></system-out>
  <system-err><![CDATA[]]></system-err>
</testsuite>
