<?xml version="1.0" encoding="UTF-8"?>
<testsuite name="sii.stqa.pft.addressbook.test.GroupCreationTest" tests="4" skipped="0" failures="0" errors="0" timestamp="2022-11-28T21:48:29" hostname="DESKTOP-LAA6JF6" time="5.134">
  <properties/>
  <testcase name="testBadGroupCreation" classname="sii.stqa.pft.addressbook.test.GroupCreationTest" time="0.747"/>
  <testcase name="testGroupCreation[0](GroupData{id='0', name='test 0'})" classname="sii.stqa.pft.addressbook.test.GroupCreationTest" time="1.251"/>
  <testcase name="testGroupCreation[1](GroupData{id='0', name='test 1'})" classname="sii.stqa.pft.addressbook.test.GroupCreationTest" time="1.451"/>
  <testcase name="testGroupCreation[2](GroupData{id='0', name='test 2'})" classname="sii.stqa.pft.addressbook.test.GroupCreationTest" time="1.681"/>
  <system-out><![CDATA[Hibernate: select groupdata0_.group_id as group_id1_1_, groupdata0_.group_footer as group_fo2_1_, groupdata0_.group_header as group_he3_1_, groupdata0_.group_name as group_na4_1_ from group_list groupdata0_
Hibernate: select groupdata0_.group_id as group_id1_1_, groupdata0_.group_footer as group_fo2_1_, groupdata0_.group_header as group_he3_1_, groupdata0_.group_name as group_na4_1_ from group_list groupdata0_
Hibernate: select groupdata0_.group_id as group_id1_1_, groupdata0_.group_footer as group_fo2_1_, groupdata0_.group_header as group_he3_1_, groupdata0_.group_name as group_na4_1_ from group_list groupdata0_
Hibernate: select groupdata0_.group_id as group_id1_1_, groupdata0_.group_footer as group_fo2_1_, groupdata0_.group_header as group_he3_1_, groupdata0_.group_name as group_na4_1_ from group_list groupdata0_
Hibernate: select groupdata0_.group_id as group_id1_1_, groupdata0_.group_footer as group_fo2_1_, groupdata0_.group_header as group_he3_1_, groupdata0_.group_name as group_na4_1_ from group_list groupdata0_
Hibernate: select groupdata0_.group_id as group_id1_1_, groupdata0_.group_footer as group_fo2_1_, groupdata0_.group_header as group_he3_1_, groupdata0_.group_name as group_na4_1_ from group_list groupdata0_
Hibernate: select groupdata0_.group_id as group_id1_1_, groupdata0_.group_footer as group_fo2_1_, groupdata0_.group_header as group_he3_1_, groupdata0_.group_name as group_na4_1_ from group_list groupdata0_
Hibernate: select groupdata0_.group_id as group_id1_1_, groupdata0_.group_footer as group_fo2_1_, groupdata0_.group_header as group_he3_1_, groupdata0_.group_name as group_na4_1_ from group_list groupdata0_
]]></system-out>
  <system-err><![CDATA[]]></system-err>
</testsuite>
