<?xml version="1.0" encoding="UTF-8"?>
<testsuite name="sii.stqa.pft.addressbook.test.ContactCreationTest" tests="4" skipped="0" failures="0" errors="0" timestamp="2022-11-26T21:26:23" hostname="DESKTOP-LAA6JF6" time="11.643">
  <properties/>
  <testcase name="testBadContactCreation" classname="sii.stqa.pft.addressbook.test.ContactCreationTest" time="2.255"/>
  <testcase name="testContactCreation[0](ContactData{id='0', firstName='firstName1', lastName='lastname1'})" classname="sii.stqa.pft.addressbook.test.ContactCreationTest" time="2.471"/>
  <testcase name="testContactCreation[1](ContactData{id='0', firstName='firstName2', lastName='lastname2'})" classname="sii.stqa.pft.addressbook.test.ContactCreationTest" time="2.624"/>
  <testcase name="testContactCreation[2](ContactData{id='0', firstName='firstName3', lastName='lastname3'})" classname="sii.stqa.pft.addressbook.test.ContactCreationTest" time="2.482"/>
  <system-out><![CDATA[]]></system-out>
  <system-err><![CDATA[]]></system-err>
</testsuite>
