<?xml version="1.0" encoding="UTF-8"?>
<testsuite name="sii.stqa.pft.addressbook.test.GroupModificationTest" tests="1" skipped="0" failures="0" errors="0" timestamp="2022-10-22T19:38:06" hostname="DESKTOP-LAA6JF6" time="1.57">
  <properties/>
  <testcase name="testGroupModification" classname="sii.stqa.pft.addressbook.test.GroupModificationTest" time="1.57"/>
  <system-out><![CDATA[]]></system-out>
  <system-err><![CDATA[]]></system-err>
</testsuite>
