<?xml version="1.0" encoding="UTF-8"?>
<testsuite name="sii.stqa.pft.addressbook.test.GroupModificationTest" tests="1" skipped="0" failures="0" errors="0" timestamp="2022-11-12T16:28:26" hostname="DESKTOP-LAA6JF6" time="3.02">
  <properties/>
  <testcase name="testGroupModification" classname="sii.stqa.pft.addressbook.test.GroupModificationTest" time="3.02"/>
  <system-out><![CDATA[]]></system-out>
  <system-err><![CDATA[]]></system-err>
</testsuite>
