<?xml version="1.0" encoding="UTF-8"?>
<testsuite name="sii.stqa.pft.addressbook.test.ContactCreationTest" tests="4" skipped="0" failures="0" errors="0" timestamp="2022-11-27T12:06:58" hostname="DESKTOP-LAA6JF6" time="10.833">
  <properties/>
  <testcase name="testBadContactCreation" classname="sii.stqa.pft.addressbook.test.ContactCreationTest" time="2.443"/>
  <testcase name="testContactCreation[0](ContactData{id='0', firstName='FirstName 17', lastName='LastName 17'})" classname="sii.stqa.pft.addressbook.test.ContactCreationTest" time="2.155"/>
  <testcase name="testContactCreation[1](ContactData{id='0', firstName='FirstName 18', lastName='LastName 18'})" classname="sii.stqa.pft.addressbook.test.ContactCreationTest" time="2.602"/>
  <testcase name="testContactCreation[2](ContactData{id='0', firstName='FirstName 19', lastName='LastName 19'})" classname="sii.stqa.pft.addressbook.test.ContactCreationTest" time="2.531"/>
  <system-out><![CDATA[]]></system-out>
  <system-err><![CDATA[]]></system-err>
</testsuite>
