<?xml version="1.0" encoding="UTF-8"?>
<testsuite name="sii.stqa.pft.addressbook.test.ContactDataTest" tests="1" skipped="0" failures="0" errors="0" timestamp="2022-11-24T12:41:43" hostname="DESKTOP-LAA6JF6" time="0.723">
  <properties/>
  <testcase name="testContactData" classname="sii.stqa.pft.addressbook.test.ContactDataTest" time="0.723"/>
  <system-out><![CDATA[]]></system-out>
  <system-err><![CDATA[]]></system-err>
</testsuite>
