<?xml version="1.0" encoding="UTF-8"?>
<testsuite name="sii.stqa.pft.addressbook.test.ContactDataTest" tests="1" skipped="0" failures="0" errors="0" timestamp="2022-11-28T21:48:21" hostname="DESKTOP-LAA6JF6" time="1.238">
  <properties/>
  <testcase name="testContactData" classname="sii.stqa.pft.addressbook.test.ContactDataTest" time="1.238"/>
  <system-out><![CDATA[]]></system-out>
  <system-err><![CDATA[]]></system-err>
</testsuite>
