<?xml version="1.0" encoding="UTF-8"?>
<testsuite name="sii.stqa.pft.addressbook.test.ContactCreationTest" tests="4" skipped="0" failures="0" errors="0" timestamp="2022-11-28T21:48:08" hostname="DESKTOP-LAA6JF6" time="12.779">
  <properties/>
  <testcase name="testBadContactCreation" classname="sii.stqa.pft.addressbook.test.ContactCreationTest" time="1.84"/>
  <testcase name="testContactCreation[0](ContactData{id=0, firstName='FirstName 0', lastName='LastName 0', address='Address 0', homePhone='000', mobilePhone='111', workPhone='222', email='abc@0.pl', email2='def@0.pl', email3='ghi@0.pl', allEmails='null', allPhones='null', photo='null', fullName='null', group='null'})" classname="sii.stqa.pft.addressbook.test.ContactCreationTest" time="3.407"/>
  <testcase name="testContactCreation[1](ContactData{id=0, firstName='FirstName 1', lastName='LastName 1', address='Address 1', homePhone='111', mobilePhone='222', workPhone='333', email='abc@1.pl', email2='def@1.pl', email3='ghi@1.pl', allEmails='null', allPhones='null', photo='null', fullName='null', group='null'})" classname="sii.stqa.pft.addressbook.test.ContactCreationTest" time="3.679"/>
  <testcase name="testContactCreation[2](ContactData{id=0, firstName='FirstName 2', lastName='LastName 2', address='Address 2', homePhone='222', mobilePhone='333', workPhone='444', email='abc@2.pl', email2='def@2.pl', email3='ghi@2.pl', allEmails='null', allPhones='null', photo='null', fullName='null', group='null'})" classname="sii.stqa.pft.addressbook.test.ContactCreationTest" time="3.626"/>
  <system-out><![CDATA[Hibernate: select contactdat0_.id as id1_0_, contactdat0_.address as address2_0_, contactdat0_.email as email3_0_, contactdat0_.email2 as email4_0_, contactdat0_.email3 as email5_0_, contactdat0_.firstname as firstnam6_0_, contactdat0_.home as home7_0_, contactdat0_.lastname as lastname8_0_, contactdat0_.mobile as mobile9_0_, contactdat0_.photo as photo10_0_, contactdat0_.work as work11_0_ from addressbook contactdat0_ where deprecated='000-00-00'
Hibernate: select contactdat0_.id as id1_0_, contactdat0_.address as address2_0_, contactdat0_.email as email3_0_, contactdat0_.email2 as email4_0_, contactdat0_.email3 as email5_0_, contactdat0_.firstname as firstnam6_0_, contactdat0_.home as home7_0_, contactdat0_.lastname as lastname8_0_, contactdat0_.mobile as mobile9_0_, contactdat0_.photo as photo10_0_, contactdat0_.work as work11_0_ from addressbook contactdat0_ where deprecated='000-00-00'
Hibernate: select contactdat0_.id as id1_0_, contactdat0_.address as address2_0_, contactdat0_.email as email3_0_, contactdat0_.email2 as email4_0_, contactdat0_.email3 as email5_0_, contactdat0_.firstname as firstnam6_0_, contactdat0_.home as home7_0_, contactdat0_.lastname as lastname8_0_, contactdat0_.mobile as mobile9_0_, contactdat0_.photo as photo10_0_, contactdat0_.work as work11_0_ from addressbook contactdat0_ where deprecated='000-00-00'
Hibernate: select contactdat0_.id as id1_0_, contactdat0_.address as address2_0_, contactdat0_.email as email3_0_, contactdat0_.email2 as email4_0_, contactdat0_.email3 as email5_0_, contactdat0_.firstname as firstnam6_0_, contactdat0_.home as home7_0_, contactdat0_.lastname as lastname8_0_, contactdat0_.mobile as mobile9_0_, contactdat0_.photo as photo10_0_, contactdat0_.work as work11_0_ from addressbook contactdat0_ where deprecated='000-00-00'
Hibernate: select contactdat0_.id as id1_0_, contactdat0_.address as address2_0_, contactdat0_.email as email3_0_, contactdat0_.email2 as email4_0_, contactdat0_.email3 as email5_0_, contactdat0_.firstname as firstnam6_0_, contactdat0_.home as home7_0_, contactdat0_.lastname as lastname8_0_, contactdat0_.mobile as mobile9_0_, contactdat0_.photo as photo10_0_, contactdat0_.work as work11_0_ from addressbook contactdat0_ where deprecated='000-00-00'
Hibernate: select contactdat0_.id as id1_0_, contactdat0_.address as address2_0_, contactdat0_.email as email3_0_, contactdat0_.email2 as email4_0_, contactdat0_.email3 as email5_0_, contactdat0_.firstname as firstnam6_0_, contactdat0_.home as home7_0_, contactdat0_.lastname as lastname8_0_, contactdat0_.mobile as mobile9_0_, contactdat0_.photo as photo10_0_, contactdat0_.work as work11_0_ from addressbook contactdat0_ where deprecated='000-00-00'
Hibernate: select contactdat0_.id as id1_0_, contactdat0_.address as address2_0_, contactdat0_.email as email3_0_, contactdat0_.email2 as email4_0_, contactdat0_.email3 as email5_0_, contactdat0_.firstname as firstnam6_0_, contactdat0_.home as home7_0_, contactdat0_.lastname as lastname8_0_, contactdat0_.mobile as mobile9_0_, contactdat0_.photo as photo10_0_, contactdat0_.work as work11_0_ from addressbook contactdat0_ where deprecated='000-00-00'
Hibernate: select contactdat0_.id as id1_0_, contactdat0_.address as address2_0_, contactdat0_.email as email3_0_, contactdat0_.email2 as email4_0_, contactdat0_.email3 as email5_0_, contactdat0_.firstname as firstnam6_0_, contactdat0_.home as home7_0_, contactdat0_.lastname as lastname8_0_, contactdat0_.mobile as mobile9_0_, contactdat0_.photo as photo10_0_, contactdat0_.work as work11_0_ from addressbook contactdat0_ where deprecated='000-00-00'
]]></system-out>
  <system-err><![CDATA[]]></system-err>
</testsuite>
