<?xml version="1.0" encoding="UTF-8"?>
<testsuite name="sii.stqa.pft.addressbook.test.GroupModificationTest" tests="1" skipped="0" failures="0" errors="0" timestamp="2022-11-29T07:54:21" hostname="DESKTOP-LAA6JF6" time="1.4">
  <properties/>
  <testcase name="testGroupModification" classname="sii.stqa.pft.addressbook.test.GroupModificationTest" time="1.4"/>
  <system-out><![CDATA[Hibernate: select groupdata0_.group_id as group_id1_1_, groupdata0_.group_footer as group_fo2_1_, groupdata0_.group_header as group_he3_1_, groupdata0_.group_name as group_na4_1_ from group_list groupdata0_
Hibernate: select groupdata0_.group_id as group_id1_1_, groupdata0_.group_footer as group_fo2_1_, groupdata0_.group_header as group_he3_1_, groupdata0_.group_name as group_na4_1_ from group_list groupdata0_
test1
]]></system-out>
  <system-err><![CDATA[]]></system-err>
</testsuite>
