<?xml version="1.0" encoding="UTF-8"?>
<testsuite name="sii.stqa.pft.addressbook.test.GroupModificationTest" tests="1" skipped="0" failures="0" errors="0" timestamp="2022-10-09T13:02:45" hostname="DESKTOP-LAA6JF6" time="2.184">
  <properties/>
  <testcase name="testGroupModification" classname="sii.stqa.pft.addressbook.test.GroupModificationTest" time="2.184"/>
  <system-out><![CDATA[]]></system-out>
  <system-err><![CDATA[]]></system-err>
</testsuite>
