<?xml version="1.0" encoding="UTF-8"?>
<testsuite name="sii.stqa.pft.addressbook.GroupDeletionTest" tests="1" skipped="0" failures="0" errors="0" timestamp="2022-10-07T17:12:49" hostname="DESKTOP-LAA6JF6" time="0.661">
  <properties/>
  <testcase name="testGroupDeletion" classname="sii.stqa.pft.addressbook.GroupDeletionTest" time="0.661"/>
  <system-out><![CDATA[]]></system-out>
  <system-err><![CDATA[]]></system-err>
</testsuite>
