<?xml version="1.0" encoding="UTF-8"?>
<testsuite name="sii.stqa.pft.addressbook.test.GroupCreationTest" tests="2" skipped="0" failures="0" errors="0" timestamp="2022-11-24T14:40:05" hostname="DESKTOP-LAA6JF6" time="2.774">
  <properties/>
  <testcase name="testBadGroupCreation" classname="sii.stqa.pft.addressbook.test.GroupCreationTest" time="1.34"/>
  <testcase name="testGroupCreation" classname="sii.stqa.pft.addressbook.test.GroupCreationTest" time="1.433"/>
  <system-out><![CDATA[]]></system-out>
  <system-err><![CDATA[]]></system-err>
</testsuite>
