<?xml version="1.0" encoding="UTF-8"?>
<testsuite name="sii.stqa.pft.addressbook.test.GroupCreationTest" tests="1" skipped="0" failures="0" errors="0" timestamp="2022-11-19T11:23:32" hostname="DESKTOP-LAA6JF6" time="3.807">
  <properties/>
  <testcase name="testGroupCreation" classname="sii.stqa.pft.addressbook.test.GroupCreationTest" time="3.807"/>
  <system-out><![CDATA[]]></system-out>
  <system-err><![CDATA[]]></system-err>
</testsuite>
