<?xml version="1.0" encoding="UTF-8"?>
<testsuite name="sii.stqa.pft.addressbook.test.GroupDeletionTest" tests="1" skipped="0" failures="0" errors="0" timestamp="2022-11-01T21:02:15" hostname="DESKTOP-LAA6JF6" time="0.467">
  <properties/>
  <testcase name="testGroupDeletion" classname="sii.stqa.pft.addressbook.test.GroupDeletionTest" time="0.467"/>
  <system-out><![CDATA[]]></system-out>
  <system-err><![CDATA[]]></system-err>
</testsuite>
