<?xml version="1.0" encoding="UTF-8"?>
<testsuite name="sii.stqa.pft.addressbook.test.GroupCreationTest" tests="1" skipped="0" failures="0" errors="0" timestamp="2022-11-08T11:08:30" hostname="DESKTOP-LAA6JF6" time="1.421">
  <properties/>
  <testcase name="testGroupCreation" classname="sii.stqa.pft.addressbook.test.GroupCreationTest" time="1.421"/>
  <system-out><![CDATA[]]></system-out>
  <system-err><![CDATA[]]></system-err>
</testsuite>
